# project ns (3-dev) configured on Sun Oct 23 18:24:49 2016 by
# waf 1.8.12 (abi 98, python 2070cf0 on darwin)
# using ./waf configure --enable-examples
#
----------------------------------------
Setting top to
/Users/Mocca/Desktop/ndnSIM/ndnSIM/ns-3
----------------------------------------
Setting out to
/Users/Mocca/Desktop/ndnSIM/ndnSIM/ns-3/build
----------------------------------------
Checking for 'clang' (C compiler)
find program=['clang'] paths=['/opt/local/bin', '/opt/local/sbin', '/opt/local/bin', '/opt/local/sbin', '/usr/local/bin', '/usr/bin', '/bin', '/usr/sbin', '/sbin', '/opt/X11/bin'] var='CC' -> ['/usr/bin/clang']
find program=['ar'] paths=['/opt/local/bin', '/opt/local/sbin', '/opt/local/bin', '/opt/local/sbin', '/usr/local/bin', '/usr/bin', '/bin', '/usr/sbin', '/sbin', '/opt/X11/bin'] var='AR' -> ['/opt/local/bin/ar']
/usr/bin/clang
----------------------------------------
Checking for cc version
8.0.0
----------------------------------------
Checking for 'clang++' (C++ compiler)
find program=['clang++'] paths=['/opt/local/bin', '/opt/local/sbin', '/opt/local/bin', '/opt/local/sbin', '/usr/local/bin', '/usr/bin', '/bin', '/usr/sbin', '/sbin', '/opt/X11/bin'] var='CXX' -> ['/usr/bin/clang++']
(tool ar is already loaded, skipping)
/usr/bin/clang++
----------------------------------------
Checking supported compiler CXXFLAGS
==>

int main(int argc, char **argv) {
	(void)argc; (void)argv;
	return 0;
}

<==
[1/2] Compiling [32mbuild/.conf_check_f2d0707a8559183056c0230ee506ea85/test.cpp[0m

['/usr/bin/clang++', '-Werror', '-std=c++0x', '../test.cpp', '-c', '-o', '/Users/Mocca/Desktop/ndnSIM/ndnSIM/ns-3/build/.conf_check_f2d0707a8559183056c0230ee506ea85/testbuild/test.cpp.1.o']
[2/2] Linking [33mbuild/.conf_check_f2d0707a8559183056c0230ee506ea85/testbuild/testprog[0m

['/usr/bin/clang++', 'test.cpp.1.o', '-o', '/Users/Mocca/Desktop/ndnSIM/ndnSIM/ns-3/build/.conf_check_f2d0707a8559183056c0230ee506ea85/testbuild/testprog']
==>

int main(int argc, char **argv) {
	(void)argc; (void)argv;
	return 0;
}

<==
[1/2] Compiling [32mbuild/.conf_check_e248ca9eace6f961bfd7140bb6a52ad8/test.cpp[0m

['/usr/bin/clang++', '-Werror', '-std=c++11', '../test.cpp', '-c', '-o', '/Users/Mocca/Desktop/ndnSIM/ndnSIM/ns-3/build/.conf_check_e248ca9eace6f961bfd7140bb6a52ad8/testbuild/test.cpp.1.o']
[2/2] Linking [33mbuild/.conf_check_e248ca9eace6f961bfd7140bb6a52ad8/testbuild/testprog[0m

['/usr/bin/clang++', 'test.cpp.1.o', '-o', '/Users/Mocca/Desktop/ndnSIM/ndnSIM/ns-3/build/.conf_check_e248ca9eace6f961bfd7140bb6a52ad8/testbuild/testprog']
-std=c++0x -std=c++11
-----------------------------------------
Checking supported optimizations CXXFLAGS
==>

int main(int argc, char **argv) {
	(void)argc; (void)argv;
	return 0;
}

<==
[1/2] Compiling [32mbuild/.conf_check_bf520280118bbf25e6c52d300eef4386/test.cpp[0m

['/usr/bin/clang++', '-Werror', '-O0', '../test.cpp', '-c', '-o', '/Users/Mocca/Desktop/ndnSIM/ndnSIM/ns-3/build/.conf_check_bf520280118bbf25e6c52d300eef4386/testbuild/test.cpp.1.o']
[2/2] Linking [33mbuild/.conf_check_bf520280118bbf25e6c52d300eef4386/testbuild/testprog[0m

['/usr/bin/clang++', 'test.cpp.1.o', '-o', '/Users/Mocca/Desktop/ndnSIM/ndnSIM/ns-3/build/.conf_check_bf520280118bbf25e6c52d300eef4386/testbuild/testprog']
-O0
-----------------------------------------
Checking supported debug CXXFLAGS
==>

int main(int argc, char **argv) {
	(void)argc; (void)argv;
	return 0;
}

<==
[1/2] Compiling [32mbuild/.conf_check_51a1b5c8bbc70b898aa61097ea90b6ab/test.cpp[0m

['/usr/bin/clang++', '-Werror', '-ggdb', '../test.cpp', '-c', '-o', '/Users/Mocca/Desktop/ndnSIM/ndnSIM/ns-3/build/.conf_check_51a1b5c8bbc70b898aa61097ea90b6ab/testbuild/test.cpp.1.o']
[2/2] Linking [33mbuild/.conf_check_51a1b5c8bbc70b898aa61097ea90b6ab/testbuild/testprog[0m

['/usr/bin/clang++', 'test.cpp.1.o', '-o', '/Users/Mocca/Desktop/ndnSIM/ndnSIM/ns-3/build/.conf_check_51a1b5c8bbc70b898aa61097ea90b6ab/testbuild/testprog']
==>

int main(int argc, char **argv) {
	(void)argc; (void)argv;
	return 0;
}

<==
[1/2] Compiling [32mbuild/.conf_check_17ce845c3d4e201f530e11e700a62e15/test.cpp[0m

['/usr/bin/clang++', '-Werror', '-g3', '../test.cpp', '-c', '-o', '/Users/Mocca/Desktop/ndnSIM/ndnSIM/ns-3/build/.conf_check_17ce845c3d4e201f530e11e700a62e15/testbuild/test.cpp.1.o']
[2/2] Linking [33mbuild/.conf_check_17ce845c3d4e201f530e11e700a62e15/testbuild/testprog[0m

['/usr/bin/clang++', 'test.cpp.1.o', '-o', '/Users/Mocca/Desktop/ndnSIM/ndnSIM/ns-3/build/.conf_check_17ce845c3d4e201f530e11e700a62e15/testbuild/testprog']
-ggdb -g3
-----------------------------------------
Checking supported warnings CXXFLAGS
==>

int main(int argc, char **argv) {
	(void)argc; (void)argv;
	return 0;
}

<==
[1/2] Compiling [32mbuild/.conf_check_fcb41e659c126c758b831b045483d649/test.cpp[0m

['/usr/bin/clang++', '-Werror', '-Wall', '../test.cpp', '-c', '-o', '/Users/Mocca/Desktop/ndnSIM/ndnSIM/ns-3/build/.conf_check_fcb41e659c126c758b831b045483d649/testbuild/test.cpp.1.o']
[2/2] Linking [33mbuild/.conf_check_fcb41e659c126c758b831b045483d649/testbuild/testprog[0m

['/usr/bin/clang++', 'test.cpp.1.o', '-o', '/Users/Mocca/Desktop/ndnSIM/ndnSIM/ns-3/build/.conf_check_fcb41e659c126c758b831b045483d649/testbuild/testprog']
==>

int main(int argc, char **argv) {
	(void)argc; (void)argv;
	return 0;
}

<==
[1/2] Compiling [32mbuild/.conf_check_57c60e8688643485a105c6c8e12fcb87/test.cpp[0m

['/usr/bin/clang++', '-Werror', '-Wno-error=deprecated-declarations', '../test.cpp', '-c', '-o', '/Users/Mocca/Desktop/ndnSIM/ndnSIM/ns-3/build/.conf_check_57c60e8688643485a105c6c8e12fcb87/testbuild/test.cpp.1.o']
[2/2] Linking [33mbuild/.conf_check_57c60e8688643485a105c6c8e12fcb87/testbuild/testprog[0m

['/usr/bin/clang++', 'test.cpp.1.o', '-o', '/Users/Mocca/Desktop/ndnSIM/ndnSIM/ns-3/build/.conf_check_57c60e8688643485a105c6c8e12fcb87/testbuild/testprog']
==>

int main(int argc, char **argv) {
	(void)argc; (void)argv;
	return 0;
}

<==
[1/2] Compiling [32mbuild/.conf_check_7db0b32087b27512781dd1e0050c0266/test.cpp[0m

['/usr/bin/clang++', '-Werror', '-fstrict-aliasing', '../test.cpp', '-c', '-o', '/Users/Mocca/Desktop/ndnSIM/ndnSIM/ns-3/build/.conf_check_7db0b32087b27512781dd1e0050c0266/testbuild/test.cpp.1.o']
[2/2] Linking [33mbuild/.conf_check_7db0b32087b27512781dd1e0050c0266/testbuild/testprog[0m

['/usr/bin/clang++', 'test.cpp.1.o', '-o', '/Users/Mocca/Desktop/ndnSIM/ndnSIM/ns-3/build/.conf_check_7db0b32087b27512781dd1e0050c0266/testbuild/testprog']
==>

int main(int argc, char **argv) {
	(void)argc; (void)argv;
	return 0;
}

<==
[1/2] Compiling [32mbuild/.conf_check_5fa0407eb685908d7deed5d82edf2ee8/test.cpp[0m

['/usr/bin/clang++', '-Werror', '-Wstrict-aliasing', '../test.cpp', '-c', '-o', '/Users/Mocca/Desktop/ndnSIM/ndnSIM/ns-3/build/.conf_check_5fa0407eb685908d7deed5d82edf2ee8/testbuild/test.cpp.1.o']
[2/2] Linking [33mbuild/.conf_check_5fa0407eb685908d7deed5d82edf2ee8/testbuild/testprog[0m

['/usr/bin/clang++', 'test.cpp.1.o', '-o', '/Users/Mocca/Desktop/ndnSIM/ndnSIM/ns-3/build/.conf_check_5fa0407eb685908d7deed5d82edf2ee8/testbuild/testprog']
-Wall -Wno-error=deprecated-declarations -fstrict-aliasing -Wstrict-aliasing
-----------------------------------------
Checking for program 'python'
/opt/local/Library/Frameworks/Python.framework/Versions/2.7/Resources/Python.app/Contents/MacOS/Python
find program=['python'] paths=['/opt/local/bin', '/opt/local/sbin', '/opt/local/bin', '/opt/local/sbin', '/usr/local/bin', '/usr/bin', '/bin', '/usr/sbin', '/sbin', '/opt/X11/bin'] var='PYTHON' -> ['/opt/local/Library/Frameworks/Python.framework/Versions/2.7/Resources/Python.app/Contents/MacOS/Python']
['/opt/local/Library/Frameworks/Python.framework/Versions/2.7/Resources/Python.app/Contents/MacOS/Python', '-c', 'import imp;print(imp.get_tag())']
err: Traceback (most recent call last):
  File "<string>", line 1, in <module>
AttributeError: 'module' object has no attribute 'get_tag'

['/opt/local/Library/Frameworks/Python.framework/Versions/2.7/Resources/Python.app/Contents/MacOS/Python', '-c', 'import sys\nfor x in sys.version_info: print(str(x))']
out: 2
7
12
final
0

['/opt/local/Library/Frameworks/Python.framework/Versions/2.7/Resources/Python.app/Contents/MacOS/Python', '-c', "from distutils.sysconfig import get_config_var, get_python_lib\n\nprint(repr(get_python_lib(standard_lib=0, prefix='/usr/local') or ''))"]
out: '/usr/local/lib/python2.7/site-packages'

'/usr/local/lib/python2.7/site-packages'

['/opt/local/Library/Frameworks/Python.framework/Versions/2.7/Resources/Python.app/Contents/MacOS/Python', '-c', "from distutils.sysconfig import get_config_var, get_python_lib\n\nprint(repr(get_python_lib(plat_specific=1, standard_lib=0, prefix='/usr/local') or ''))"]
out: '/usr/local/lib/python2.7/site-packages'

'/usr/local/lib/python2.7/site-packages'

-----------------------------------------
Checking for python version
(2, 7, 12, 'final', 0)
['/opt/local/Library/Frameworks/Python.framework/Versions/2.7/Resources/Python.app/Contents/MacOS/Python', '-c', "from distutils.sysconfig import get_config_var, get_python_lib\n\nprint(repr(get_config_var('prefix') or ''))\nprint(repr(get_config_var('SO') or ''))\nprint(repr(get_config_var('LDFLAGS') or ''))\nprint(repr(get_config_var('LIBDIR') or ''))\nprint(repr(get_config_var('LIBPL') or ''))\nprint(repr(get_config_var('INCLUDEPY') or ''))\nprint(repr(get_config_var('Py_ENABLE_SHARED') or ''))\nprint(repr(get_config_var('MACOSX_DEPLOYMENT_TARGET') or ''))\nprint(repr(get_config_var('LDSHARED') or ''))\nprint(repr(get_config_var('CFLAGS') or ''))\nprint(repr(get_config_var('LDVERSION') or ''))"]
out: '/opt/local/Library/Frameworks/Python.framework/Versions/2.7'
'.so'
'-L/opt/local/lib -Wl,-headerpad_max_install_names -L/opt/local/lib/db48 '
'/opt/local/Library/Frameworks/Python.framework/Versions/2.7/lib'
'/opt/local/Library/Frameworks/Python.framework/Versions/2.7/lib/python2.7/config'
'/opt/local/Library/Frameworks/Python.framework/Versions/2.7/include/python2.7'
''
'10.11'
'/usr/bin/clang -bundle -undefined dynamic_lookup -L/opt/local/lib -Wl,-headerpad_max_install_names -L/opt/local/lib/db48 '
'-fno-strict-aliasing -fno-common -dynamic -pipe -Os -fwrapv  -DNDEBUG -g -fwrapv -O3 -Wall -Wstrict-prototypes'
''

'/opt/local/Library/Frameworks/Python.framework/Versions/2.7'
'.so'
'-L/opt/local/lib -Wl,-headerpad_max_install_names -L/opt/local/lib/db48 '
'/opt/local/Library/Frameworks/Python.framework/Versions/2.7/lib'
'/opt/local/Library/Frameworks/Python.framework/Versions/2.7/lib/python2.7/config'
'/opt/local/Library/Frameworks/Python.framework/Versions/2.7/include/python2.7'
''
'10.11'
'/usr/bin/clang -bundle -undefined dynamic_lookup -L/opt/local/lib -Wl,-headerpad_max_install_names -L/opt/local/lib/db48 '
'-fno-strict-aliasing -fno-common -dynamic -pipe -Os -fwrapv  -DNDEBUG -g -fwrapv -O3 -Wall -Wstrict-prototypes'
''

Configuration returned from ['/opt/local/Library/Frameworks/Python.framework/Versions/2.7/Resources/Python.app/Contents/MacOS/Python']:
prefix = '/opt/local/Library/Frameworks/Python.framework/Versions/2.7'
SO = '.so'
LDFLAGS = '-L/opt/local/lib -Wl,-headerpad_max_install_names -L/opt/local/lib/db48 '
LIBDIR = '/opt/local/Library/Frameworks/Python.framework/Versions/2.7/lib'
LIBPL = '/opt/local/Library/Frameworks/Python.framework/Versions/2.7/lib/python2.7/config'
INCLUDEPY = '/opt/local/Library/Frameworks/Python.framework/Versions/2.7/include/python2.7'
Py_ENABLE_SHARED = ''
MACOSX_DEPLOYMENT_TARGET = '10.11'
LDSHARED = '/usr/bin/clang -bundle -undefined dynamic_lookup -L/opt/local/lib -Wl,-headerpad_max_install_names -L/opt/local/lib/db48 '
CFLAGS = '-fno-strict-aliasing -fno-common -dynamic -pipe -Os -fwrapv  -DNDEBUG -g -fwrapv -O3 -Wall -Wstrict-prototypes'
LDVERSION = ''

-----------------------------------------
python-config
/opt/local/bin/python2.7-config
find program=['/opt/local/Library/Frameworks/Python.framework/Versions/2.7/Resources/Python.app/Contents/MacOS/Python-config', 'python2.7-config', 'python-config-2.7', 'python2.7m-config'] paths=['/opt/local/bin', '/opt/local/sbin', '/opt/local/bin', '/opt/local/sbin', '/usr/local/bin', '/usr/bin', '/bin', '/usr/sbin', '/sbin', '/opt/X11/bin'] var='PYTHON_CONFIG' -> ['/opt/local/bin/python2.7-config']
------------------------------------------------------------------
Asking python-config for pyembed '--cflags --libs --ldflags' flags
['/opt/local/bin/python2.7-config', '--cflags', '--libs', '--ldflags']
out: -I/opt/local/Library/Frameworks/Python.framework/Versions/2.7/include/python2.7 -I/opt/local/Library/Frameworks/Python.framework/Versions/2.7/include/python2.7 -fno-strict-aliasing -fno-common -dynamic -pipe -Os -fwrapv -DNDEBUG -g -fwrapv -O3 -Wall -Wstrict-prototypes
-lpython2.7 -ldl -framework CoreFoundation
-L/opt/local/Library/Frameworks/Python.framework/Versions/2.7/lib/python2.7/config -lpython2.7 -ldl -framework CoreFoundation

yes
------------------------------------------------------------------
Getting pyembed flags from python-config
==>

#include <Python.h>
#ifdef __cplusplus
extern "C" {
#endif
	void Py_Initialize(void);
	void Py_Finalize(void);
#ifdef __cplusplus
}
#endif
int main(int argc, char **argv)
{
   (void)argc; (void)argv;
   Py_Initialize();
   Py_Finalize();
   return 0;
}

<==
[1/2] Compiling [32mbuild/.conf_check_c401fd2c948b77d7b367e8404d8b3ec6/test.cpp[0m

['/usr/bin/clang++', '-std=c++0x', '-std=c++11', '-O0', '-ggdb', '-g3', '-Wall', '-Wno-error=deprecated-declarations', '-fstrict-aliasing', '-Wstrict-aliasing', '-fno-strict-aliasing', '-fno-common', '-dynamic', '-fwrapv', '-fwrapv', '-I/opt/local/Library/Frameworks/Python.framework/Versions/2.7/include/python2.7', '-DNS3_BUILD_PROFILE_DEBUG', '-DNS3_ASSERT_ENABLE', '-DNS3_LOG_ENABLE', '-DPYTHONDIR="/usr/local/lib/python2.7/site-packages"', '-DPYTHONARCHDIR="/usr/local/lib/python2.7/site-packages"', '-DHAVE_PYEMBED=1', '-DNDEBUG', '../test.cpp', '-c', '-o', '/Users/Mocca/Desktop/ndnSIM/ndnSIM/ns-3/build/.conf_check_c401fd2c948b77d7b367e8404d8b3ec6/testbuild/test.cpp.1.o']
[2/2] Linking [33mbuild/.conf_check_c401fd2c948b77d7b367e8404d8b3ec6/testbuild/testprog[0m

['/usr/bin/clang++', 'test.cpp.1.o', '-o', '/Users/Mocca/Desktop/ndnSIM/ndnSIM/ns-3/build/.conf_check_c401fd2c948b77d7b367e8404d8b3ec6/testbuild/testprog', '-framework', 'CoreFoundation', '-L/opt/local/Library/Frameworks/Python.framework/Versions/2.7/lib/python2.7/config', '-lpython2.7', '-ldl']
yes
------------------------------------------------------------------
Asking python-config for pyext '--cflags --libs --ldflags' flags
['/opt/local/bin/python2.7-config', '--cflags', '--libs', '--ldflags']
out: -I/opt/local/Library/Frameworks/Python.framework/Versions/2.7/include/python2.7 -I/opt/local/Library/Frameworks/Python.framework/Versions/2.7/include/python2.7 -fno-strict-aliasing -fno-common -dynamic -pipe -Os -fwrapv -DNDEBUG -g -fwrapv -O3 -Wall -Wstrict-prototypes
-lpython2.7 -ldl -framework CoreFoundation
-L/opt/local/Library/Frameworks/Python.framework/Versions/2.7/lib/python2.7/config -lpython2.7 -ldl -framework CoreFoundation

yes
------------------------------------------------------------------
Getting pyext flags from python-config
==>

#include <Python.h>
#ifdef __cplusplus
extern "C" {
#endif
	void Py_Initialize(void);
	void Py_Finalize(void);
#ifdef __cplusplus
}
#endif
int main(int argc, char **argv)
{
   (void)argc; (void)argv;
   Py_Initialize();
   Py_Finalize();
   return 0;
}

<==
[1/2] Compiling [32mbuild/.conf_check_a0b12552ba7aaf11958575e7959a70dc/test.cpp[0m

['/usr/bin/clang++', '-std=c++0x', '-std=c++11', '-O0', '-ggdb', '-g3', '-Wall', '-Wno-error=deprecated-declarations', '-fstrict-aliasing', '-Wstrict-aliasing', '-fPIC', '-fno-strict-aliasing', '-fno-common', '-dynamic', '-fwrapv', '-fwrapv', '-fPIC', '-I/opt/local/Library/Frameworks/Python.framework/Versions/2.7/include/python2.7', '-DNS3_BUILD_PROFILE_DEBUG', '-DNS3_ASSERT_ENABLE', '-DNS3_LOG_ENABLE', '-DPYTHONDIR="/usr/local/lib/python2.7/site-packages"', '-DPYTHONARCHDIR="/usr/local/lib/python2.7/site-packages"', '-DHAVE_PYEMBED=1', '-DHAVE_PYEXT=1', '-DNDEBUG', '../test.cpp', '-c', '-o', '/Users/Mocca/Desktop/ndnSIM/ndnSIM/ns-3/build/.conf_check_a0b12552ba7aaf11958575e7959a70dc/testbuild/test.cpp.1.o']
[2/2] Linking [33mbuild/.conf_check_a0b12552ba7aaf11958575e7959a70dc/testbuild/testprog.so[0m

['/usr/bin/clang++', '-bundle', '-undefined', 'dynamic_lookup', 'test.cpp.1.o', '-o', '/Users/Mocca/Desktop/ndnSIM/ndnSIM/ns-3/build/.conf_check_a0b12552ba7aaf11958575e7959a70dc/testbuild/testprog.so', '-framework', 'CoreFoundation', '-L/opt/local/Library/Frameworks/Python.framework/Versions/2.7/lib/python2.7/config', '-lpython2.7', '-ldl']
yes
------------------------------------------------------------------
Checking for compilation flag -Wno-array-bounds... support
==>
int main() { return 0; }
<==
[1/1] Compiling [32mbuild/.conf_check_f009d28df075cc98833df457ceaf0712/test.cpp[0m

['/usr/bin/clang++', '-std=c++0x', '-std=c++11', '-O0', '-ggdb', '-g3', '-Wall', '-Wno-error=deprecated-declarations', '-fstrict-aliasing', '-Wstrict-aliasing', '-Wno-array-bounds', '-DNS3_BUILD_PROFILE_DEBUG', '-DNS3_ASSERT_ENABLE', '-DNS3_LOG_ENABLE', '-DPYTHONDIR="/usr/local/lib/python2.7/site-packages"', '-DPYTHONARCHDIR="/usr/local/lib/python2.7/site-packages"', '-DHAVE_PYEMBED=1', '-DHAVE_PYEXT=1', '-DHAVE_PYTHON_H=1', '../test.cpp', '-c', '-o', '/Users/Mocca/Desktop/ndnSIM/ndnSIM/ns-3/build/.conf_check_f009d28df075cc98833df457ceaf0712/testbuild/test.cpp.1.o']
ok
------------------------------------------------------------------
Checking for pybindgen location
../pybindgen (guessed)
------------------------------------------------------------------
Checking for python module 'pybindgen'
['/opt/local/Library/Frameworks/Python.framework/Versions/2.7/Resources/Python.app/Contents/MacOS/Python', '-c', "\nimport pybindgen as current_module\nversion = getattr(current_module, '__version__', None)\nif version is not None:\n\tprint(str(version))\nelse:\n\tprint('unknown version')\n"]
out: 0.17.0.post45+ng4806e4f.d20161016

0.17.0.post45+ng4806e4f.d20161016
------------------------------------------------------------------
Checking for pybindgen version
0.17.0.post45+ng4806e4f.d20161016
------------------------------------------------------------------
Checking for code snippet
==>

#include <stdint.h>
#include <vector>

int main ()
{
   std::vector< uint64_t > t = std::vector< unsigned long > ();
   return 0;
}

<==
[1/1] Compiling [32mbuild/.conf_check_15768a01e1a4b62c4023904df2f81107/test.cpp[0m

['/usr/bin/clang++', '-std=c++0x', '-std=c++11', '-O0', '-ggdb', '-g3', '-Wall', '-Wno-error=deprecated-declarations', '-fstrict-aliasing', '-Wstrict-aliasing', '-DNS3_BUILD_PROFILE_DEBUG', '-DNS3_ASSERT_ENABLE', '-DNS3_LOG_ENABLE', '-DPYTHONDIR="/usr/local/lib/python2.7/site-packages"', '-DPYTHONARCHDIR="/usr/local/lib/python2.7/site-packages"', '-DHAVE_PYEMBED=1', '-DHAVE_PYEXT=1', '-DHAVE_PYTHON_H=1', '../test.cpp', '-c', '-o', '/Users/Mocca/Desktop/ndnSIM/ndnSIM/ns-3/build/.conf_check_15768a01e1a4b62c4023904df2f81107/testbuild/test.cpp.1.o']
err: ../test.cpp:7:28: error: no viable conversion from 'vector<unsigned long>' to 'vector<uint64_t>'
   std::vector< uint64_t > t = std::vector< unsigned long > ();
                           ^   ~~~~~~~~~~~~~~~~~~~~~~~~~~~~~~~
/Applications/Xcode.app/Contents/Developer/Toolchains/XcodeDefault.xctoolchain/usr/bin/../include/c++/v1/vector:537:5: note: candidate constructor not viable: no known conversion from 'std::vector<unsigned long>' to 'initializer_list<value_type>' (aka 'initializer_list<unsigned long long>') for 1st argument
    vector(initializer_list<value_type> __il);
    ^
/Applications/Xcode.app/Contents/Developer/Toolchains/XcodeDefault.xctoolchain/usr/bin/../include/c++/v1/vector:549:5: note: candidate constructor not viable: no known conversion from 'std::vector<unsigned long>' to 'const std::__1::vector<unsigned long long, std::__1::allocator<unsigned long long> > &' for 1st argument
    vector(const vector& __x);
    ^
/Applications/Xcode.app/Contents/Developer/Toolchains/XcodeDefault.xctoolchain/usr/bin/../include/c++/v1/vector:555:5: note: candidate constructor not viable: no known conversion from 'std::vector<unsigned long>' to 'std::__1::vector<unsigned long long, std::__1::allocator<unsigned long long> > &&' for 1st argument
    vector(vector&& __x)
    ^
1 error generated.

from /Users/Mocca/Desktop/ndnSIM/ndnSIM/ns-3/bindings/python: Test does not build: Traceback (most recent call last):
  File "/Users/Mocca/Desktop/ndnSIM/ndnSIM/ns-3/.waf-1.8.12-f00e5b53f6bbeab1384a38c9cc5d51f7/waflib/Configure.py", line 339, in run_build
    bld.compile()
  File "/Users/Mocca/Desktop/ndnSIM/ndnSIM/ns-3/.waf-1.8.12-f00e5b53f6bbeab1384a38c9cc5d51f7/waflib/Build.py", line 182, in compile
    raise Errors.BuildError(self.producer.error)
BuildError: Build failed
 -> task in 'testprog' failed (exit status 1): 
	{task 4397650960: cxx test.cpp -> test.cpp.1.o}
['/usr/bin/clang++', '-std=c++0x', '-std=c++11', '-O0', '-ggdb', '-g3', '-Wall', '-Wno-error=deprecated-declarations', '-fstrict-aliasing', '-Wstrict-aliasing', '-DNS3_BUILD_PROFILE_DEBUG', '-DNS3_ASSERT_ENABLE', '-DNS3_LOG_ENABLE', '-DPYTHONDIR="/usr/local/lib/python2.7/site-packages"', '-DPYTHONARCHDIR="/usr/local/lib/python2.7/site-packages"', '-DHAVE_PYEMBED=1', '-DHAVE_PYEXT=1', '-DHAVE_PYTHON_H=1', '../test.cpp', '-c', '-o', '/Users/Mocca/Desktop/ndnSIM/ndnSIM/ns-3/build/.conf_check_15768a01e1a4b62c4023904df2f81107/testbuild/test.cpp.1.o']

no
from /Users/Mocca/Desktop/ndnSIM/ndnSIM/ns-3/bindings/python: The configuration failed
------------------------------------------------------------------
Checking for types uint64_t and unsigned long equivalence
yes
------------------------------------------------------------------
Checking for code snippet
==>

#include <stdint.h>
#include <vector>

int main ()
{
   std::vector< uint64_t > t = std::vector< unsigned long long > ();
   return 0;
}

<==
[1/1] Compiling [32mbuild/.conf_check_4ebdb6ce70b521dcc4cc47a7839d39c7/test.cpp[0m

['/usr/bin/clang++', '-std=c++0x', '-std=c++11', '-O0', '-ggdb', '-g3', '-Wall', '-Wno-error=deprecated-declarations', '-fstrict-aliasing', '-Wstrict-aliasing', '-DNS3_BUILD_PROFILE_DEBUG', '-DNS3_ASSERT_ENABLE', '-DNS3_LOG_ENABLE', '-DPYTHONDIR="/usr/local/lib/python2.7/site-packages"', '-DPYTHONARCHDIR="/usr/local/lib/python2.7/site-packages"', '-DHAVE_PYEMBED=1', '-DHAVE_PYEXT=1', '-DHAVE_PYTHON_H=1', '../test.cpp', '-c', '-o', '/Users/Mocca/Desktop/ndnSIM/ndnSIM/ns-3/build/.conf_check_4ebdb6ce70b521dcc4cc47a7839d39c7/testbuild/test.cpp.1.o']
yes
------------------------------------------------------------------
Checking for types uint64_t and unsigned long long equivalence
no
------------------------------------------------------------------
Checking for the apidefs that can be used for Python bindings
gcc-ILP32
------------------------------------------------------------------
Checking for internal GCC cxxabi
==>

# include <cxxabi.h>
int main ()
{
   const abi::__si_class_type_info *_typeinfo  __attribute__((unused)) = NULL;
   return 0;
}

<==
[1/2] Compiling [32mbuild/.conf_check_cf6d549db8ab9386748758b7362fc586/test.cpp[0m

['/usr/bin/clang++', '-std=c++0x', '-std=c++11', '-O0', '-ggdb', '-g3', '-Wall', '-Wno-error=deprecated-declarations', '-fstrict-aliasing', '-Wstrict-aliasing', '-DNS3_BUILD_PROFILE_DEBUG', '-DNS3_ASSERT_ENABLE', '-DNS3_LOG_ENABLE', '-DPYTHONDIR="/usr/local/lib/python2.7/site-packages"', '-DPYTHONARCHDIR="/usr/local/lib/python2.7/site-packages"', '-DHAVE_PYEMBED=1', '-DHAVE_PYEXT=1', '-DHAVE_PYTHON_H=1', '../test.cpp', '-c', '-o', '/Users/Mocca/Desktop/ndnSIM/ndnSIM/ns-3/build/.conf_check_cf6d549db8ab9386748758b7362fc586/testbuild/test.cpp.1.o']
err: ../test.cpp:5:15: error: no type named '__si_class_type_info' in namespace '__cxxabiv1'
   const abi::__si_class_type_info *_typeinfo  __attribute__((unused)) = NULL;
         ~~~~~^
1 error generated.

from /Users/Mocca/Desktop/ndnSIM/ndnSIM/ns-3/bindings/python: Test does not build: Traceback (most recent call last):
  File "/Users/Mocca/Desktop/ndnSIM/ndnSIM/ns-3/.waf-1.8.12-f00e5b53f6bbeab1384a38c9cc5d51f7/waflib/Configure.py", line 339, in run_build
    bld.compile()
  File "/Users/Mocca/Desktop/ndnSIM/ndnSIM/ns-3/.waf-1.8.12-f00e5b53f6bbeab1384a38c9cc5d51f7/waflib/Build.py", line 182, in compile
    raise Errors.BuildError(self.producer.error)
BuildError: Build failed
 -> task in 'testprog' failed (exit status 1): 
	{task 4395395792: cxx test.cpp -> test.cpp.1.o}
['/usr/bin/clang++', '-std=c++0x', '-std=c++11', '-O0', '-ggdb', '-g3', '-Wall', '-Wno-error=deprecated-declarations', '-fstrict-aliasing', '-Wstrict-aliasing', '-DNS3_BUILD_PROFILE_DEBUG', '-DNS3_ASSERT_ENABLE', '-DNS3_LOG_ENABLE', '-DPYTHONDIR="/usr/local/lib/python2.7/site-packages"', '-DPYTHONARCHDIR="/usr/local/lib/python2.7/site-packages"', '-DHAVE_PYEMBED=1', '-DHAVE_PYEXT=1', '-DHAVE_PYTHON_H=1', '../test.cpp', '-c', '-o', '/Users/Mocca/Desktop/ndnSIM/ndnSIM/ns-3/build/.conf_check_cf6d549db8ab9386748758b7362fc586/testbuild/test.cpp.1.o']

incomplete
from /Users/Mocca/Desktop/ndnSIM/ndnSIM/ns-3/bindings/python: The configuration failed
------------------------------------------------------------------
Checking for python module 'pygccxml'
['/opt/local/Library/Frameworks/Python.framework/Versions/2.7/Resources/Python.app/Contents/MacOS/Python', '-c', "\nimport pygccxml as current_module\nversion = getattr(current_module, '__version__', None)\nif version is not None:\n\tprint(str(version))\nelse:\n\tprint('unknown version')\n"]
err: Traceback (most recent call last):
  File "<string>", line 2, in <module>
ImportError: No module named pygccxml

not found
from /Users/Mocca/Desktop/ndnSIM/ndnSIM/ns-3/bindings/python: Could not find the python module 'pygccxml'
------------------------------------------------------------------
Checking boost includes
1_59
------------------------------------------------------------------
Checking boost libs
Found the boost path in /opt/local/lib with the libraries:
    /opt/local/lib/libboost_atomic-mt.dylib
    /opt/local/lib/libboost_chrono-mt.a
    /opt/local/lib/libboost_chrono-mt.dylib
    /opt/local/lib/libboost_container-mt.dylib
    /opt/local/lib/libboost_context-mt.dylib
    /opt/local/lib/libboost_coroutine-mt.dylib
    /opt/local/lib/libboost_date_time-mt.dylib
    /opt/local/lib/libboost_exception-mt.a
    /opt/local/lib/libboost_filesystem-mt.dylib
    /opt/local/lib/libboost_graph-mt.dylib
    /opt/local/lib/libboost_iostreams-mt.dylib
    /opt/local/lib/libboost_locale-mt.dylib
    /opt/local/lib/libboost_log-mt.dylib
    /opt/local/lib/libboost_log_setup-mt.dylib
    /opt/local/lib/libboost_math_c99-mt.dylib
    /opt/local/lib/libboost_math_c99f-mt.dylib
    /opt/local/lib/libboost_math_c99l-mt.dylib
    /opt/local/lib/libboost_math_tr1-mt.dylib
    /opt/local/lib/libboost_math_tr1f-mt.dylib
    /opt/local/lib/libboost_math_tr1l-mt.dylib
    /opt/local/lib/libboost_prg_exec_monitor-mt.dylib
    /opt/local/lib/libboost_program_options-mt.dylib
    /opt/local/lib/libboost_python-mt.dylib
    /opt/local/lib/libboost_random-mt.dylib
    /opt/local/lib/libboost_regex-mt.dylib
    /opt/local/lib/libboost_serialization-mt.dylib
    /opt/local/lib/libboost_signals-mt.dylib
    /opt/local/lib/libboost_system-mt.a
    /opt/local/lib/libboost_system-mt.dylib
    /opt/local/lib/libboost_test_exec_monitor-mt.a
    /opt/local/lib/libboost_thread-mt.dylib
    /opt/local/lib/libboost_timer-mt.a
    /opt/local/lib/libboost_timer-mt.dylib
    /opt/local/lib/libboost_unit_test_framework-mt.dylib
    /opt/local/lib/libboost_wave-mt.dylib
    /opt/local/lib/libboost_wserialization-mt.dylib
Trying pattern boost_graph(-xgcc[0-9]{0,3})-1_59.dylib$
Trying pattern boost_graph-1_59.dylib$
Trying pattern boost_graph(-xgcc[0-9]{0,3}).dylib$
Trying pattern boost_graph.dylib$
Trying pattern boost_graph.dylib$
Trying pattern boost_graph
Found boost lib libboost_graph-mt.dylib
Trying pattern boost_thread(-xgcc[0-9]{0,3})-1_59.dylib$
Trying pattern boost_thread-1_59.dylib$
Trying pattern boost_thread(-xgcc[0-9]{0,3}).dylib$
Trying pattern boost_thread.dylib$
Trying pattern boost_thread.dylib$
Trying pattern boost_thread
Found boost lib libboost_thread-mt.dylib
Trying pattern boost_unit_test_framework(-xgcc[0-9]{0,3})-1_59.dylib$
Trying pattern boost_unit_test_framework-1_59.dylib$
Trying pattern boost_unit_test_framework(-xgcc[0-9]{0,3}).dylib$
Trying pattern boost_unit_test_framework.dylib$
Trying pattern boost_unit_test_framework.dylib$
Trying pattern boost_unit_test_framework
Found boost lib libboost_unit_test_framework-mt.dylib
Trying pattern boost_system(-xgcc[0-9]{0,3})-1_59.dylib$
Trying pattern boost_system-1_59.dylib$
Trying pattern boost_system(-xgcc[0-9]{0,3}).dylib$
Trying pattern boost_system.dylib$
Trying pattern boost_system.dylib$
Trying pattern boost_system
Found boost lib libboost_system-mt.dylib
Trying pattern boost_random(-xgcc[0-9]{0,3})-1_59.dylib$
Trying pattern boost_random-1_59.dylib$
Trying pattern boost_random(-xgcc[0-9]{0,3}).dylib$
Trying pattern boost_random.dylib$
Trying pattern boost_random.dylib$
Trying pattern boost_random
Found boost lib libboost_random-mt.dylib
Trying pattern boost_date_time(-xgcc[0-9]{0,3})-1_59.dylib$
Trying pattern boost_date_time-1_59.dylib$
Trying pattern boost_date_time(-xgcc[0-9]{0,3}).dylib$
Trying pattern boost_date_time.dylib$
Trying pattern boost_date_time.dylib$
Trying pattern boost_date_time
Found boost lib libboost_date_time-mt.dylib
Trying pattern boost_iostreams(-xgcc[0-9]{0,3})-1_59.dylib$
Trying pattern boost_iostreams-1_59.dylib$
Trying pattern boost_iostreams(-xgcc[0-9]{0,3}).dylib$
Trying pattern boost_iostreams.dylib$
Trying pattern boost_iostreams.dylib$
Trying pattern boost_iostreams
Found boost lib libboost_iostreams-mt.dylib
Trying pattern boost_regex(-xgcc[0-9]{0,3})-1_59.dylib$
Trying pattern boost_regex-1_59.dylib$
Trying pattern boost_regex(-xgcc[0-9]{0,3}).dylib$
Trying pattern boost_regex.dylib$
Trying pattern boost_regex.dylib$
Trying pattern boost_regex
Found boost lib libboost_regex-mt.dylib
Trying pattern boost_program_options(-xgcc[0-9]{0,3})-1_59.dylib$
Trying pattern boost_program_options-1_59.dylib$
Trying pattern boost_program_options(-xgcc[0-9]{0,3}).dylib$
Trying pattern boost_program_options.dylib$
Trying pattern boost_program_options.dylib$
Trying pattern boost_program_options
Found boost lib libboost_program_options-mt.dylib
Trying pattern boost_chrono(-xgcc[0-9]{0,3})-1_59.dylib$
Trying pattern boost_chrono-1_59.dylib$
Trying pattern boost_chrono(-xgcc[0-9]{0,3}).dylib$
Trying pattern boost_chrono.dylib$
Trying pattern boost_chrono.dylib$
Trying pattern boost_chrono
Found boost lib libboost_chrono-mt.dylib
Trying pattern boost_filesystem(-xgcc[0-9]{0,3})-1_59.dylib$
Trying pattern boost_filesystem-1_59.dylib$
Trying pattern boost_filesystem(-xgcc[0-9]{0,3}).dylib$
Trying pattern boost_filesystem.dylib$
Trying pattern boost_filesystem.dylib$
Trying pattern boost_filesystem
Found boost lib libboost_filesystem-mt.dylib
Trying pattern boost_system(-xgcc[0-9]{0,3})-1_59.dylib$
Trying pattern boost_system-1_59.dylib$
Trying pattern boost_system(-xgcc[0-9]{0,3}).dylib$
Trying pattern boost_system.dylib$
Trying pattern boost_system.dylib$
Trying pattern boost_system
Found boost lib libboost_system-mt.dylib
Trying pattern boost_signals(-xgcc[0-9]{0,3})-1_59.dylib$
Trying pattern boost_signals-1_59.dylib$
Trying pattern boost_signals(-xgcc[0-9]{0,3}).dylib$
Trying pattern boost_signals.dylib$
Trying pattern boost_signals.dylib$
Trying pattern boost_signals
Found boost lib libboost_signals-mt.dylib
Trying pattern boost_filesystem(-xgcc[0-9]{0,3})-1_59.dylib$
Trying pattern boost_filesystem-1_59.dylib$
Trying pattern boost_filesystem(-xgcc[0-9]{0,3}).dylib$
Trying pattern boost_filesystem.dylib$
Trying pattern boost_filesystem.dylib$
Trying pattern boost_filesystem
Found boost lib libboost_filesystem-mt.dylib
ok
------------------------------------------------------------------
Checking for boost linkage
==>

#include <boost/system/error_code.hpp>
int main() { boost::system::error_code c; }

<==
[1/2] Compiling [32mbuild/.conf_check_76fc2814a41bc998e1aa15e29a361418/test.cpp[0m

['/usr/bin/clang++', '-std=c++0x', '-std=c++11', '-O0', '-ggdb', '-g3', '-Wall', '-Wno-error=deprecated-declarations', '-fstrict-aliasing', '-Wstrict-aliasing', '-I/opt/local/include', '-DNS3_BUILD_PROFILE_DEBUG', '-DNS3_ASSERT_ENABLE', '-DNS3_LOG_ENABLE', '-DPYTHONDIR="/usr/local/lib/python2.7/site-packages"', '-DPYTHONARCHDIR="/usr/local/lib/python2.7/site-packages"', '-DHAVE_PYEMBED=1', '-DHAVE_PYEXT=1', '-DHAVE_PYTHON_H=1', '../test.cpp', '-c', '-o', '/Users/Mocca/Desktop/ndnSIM/ndnSIM/ns-3/build/.conf_check_76fc2814a41bc998e1aa15e29a361418/testbuild/test.cpp.1.o']
[2/2] Linking [33mbuild/.conf_check_76fc2814a41bc998e1aa15e29a361418/testbuild/testprog[0m

['/usr/bin/clang++', 'test.cpp.1.o', '-o', '/Users/Mocca/Desktop/ndnSIM/ndnSIM/ns-3/build/.conf_check_76fc2814a41bc998e1aa15e29a361418/testbuild/testprog', '-L/opt/local/lib', '-lboost_graph-mt', '-lboost_thread-mt', '-lboost_unit_test_framework-mt', '-lboost_system-mt', '-lboost_random-mt', '-lboost_date_time-mt', '-lboost_iostreams-mt', '-lboost_regex-mt', '-lboost_program_options-mt', '-lboost_chrono-mt', '-lboost_filesystem-mt', '-lboost_system-mt', '-lboost_signals-mt', '-lboost_filesystem-mt']
==>

#include <boost/thread.hpp>
int main() { boost::thread t; }

<==
[1/2] Compiling [32mbuild/.conf_check_b3a6f9da61a17de0dd269d9bf352e814/test.cpp[0m

['/usr/bin/clang++', '-std=c++0x', '-std=c++11', '-O0', '-ggdb', '-g3', '-Wall', '-Wno-error=deprecated-declarations', '-fstrict-aliasing', '-Wstrict-aliasing', '-I/opt/local/include', '-DNS3_BUILD_PROFILE_DEBUG', '-DNS3_ASSERT_ENABLE', '-DNS3_LOG_ENABLE', '-DPYTHONDIR="/usr/local/lib/python2.7/site-packages"', '-DPYTHONARCHDIR="/usr/local/lib/python2.7/site-packages"', '-DHAVE_PYEMBED=1', '-DHAVE_PYEXT=1', '-DHAVE_PYTHON_H=1', '../test.cpp', '-c', '-o', '/Users/Mocca/Desktop/ndnSIM/ndnSIM/ns-3/build/.conf_check_b3a6f9da61a17de0dd269d9bf352e814/testbuild/test.cpp.1.o']
[2/2] Linking [33mbuild/.conf_check_b3a6f9da61a17de0dd269d9bf352e814/testbuild/testprog[0m

['/usr/bin/clang++', 'test.cpp.1.o', '-o', '/Users/Mocca/Desktop/ndnSIM/ndnSIM/ns-3/build/.conf_check_b3a6f9da61a17de0dd269d9bf352e814/testbuild/testprog', '-L/opt/local/lib', '-lboost_graph-mt', '-lboost_thread-mt', '-lboost_unit_test_framework-mt', '-lboost_system-mt', '-lboost_random-mt', '-lboost_date_time-mt', '-lboost_iostreams-mt', '-lboost_regex-mt', '-lboost_program_options-mt', '-lboost_chrono-mt', '-lboost_filesystem-mt', '-lboost_system-mt', '-lboost_signals-mt', '-lboost_filesystem-mt']
ok
------------------------------------------------------------------
Checking for click location
not found
------------------------------------------------------------------
Checking for program 'pkg-config'
/opt/local/bin/pkg-config
find program=['pkg-config'] paths=['/opt/local/bin', '/opt/local/sbin', '/opt/local/bin', '/opt/local/sbin', '/usr/local/bin', '/usr/bin', '/bin', '/usr/sbin', '/sbin', '/opt/X11/bin'] var='PKGCONFIG' -> ['/opt/local/bin/pkg-config']
------------------------------------------------------------------
Checking for 'gtk+-2.0' >= 2.12
['/opt/local/bin/pkg-config', '--atleast-version=2.12', 'gtk+-2.0']
['/opt/local/bin/pkg-config', '--cflags', '--libs', 'gtk+-2.0']
out: -D_REENTRANT -I/opt/local/include/gtk-2.0 -I/opt/local/lib/gtk-2.0/include -I/opt/local/include/pango-1.0 -I/opt/local/include/gio-unix-2.0/ -I/opt/local/include -I/opt/local/include/cairo -I/opt/local/include/atk-1.0 -I/opt/local/include/cairo -I/opt/local/include/pixman-1 -I/opt/local/include/libpng16 -I/opt/local/include -I/opt/local/include/gdk-pixbuf-2.0 -I/opt/local/include/libpng16 -I/opt/local/include/pango-1.0 -I/opt/local/include/harfbuzz -I/opt/local/include -I/opt/local/include/pango-1.0 -I/opt/local/include/glib-2.0 -I/opt/local/lib/glib-2.0/include -I/opt/local/include -I/opt/local/include/freetype2 -I/opt/local/include -I/opt/local/include/freetype2 -L/opt/local/lib -lgtk-x11-2.0 -lgdk-x11-2.0 -lpangocairo-1.0 -lgio-2.0 -lXrender -lXinerama -lXi -lXrandr -lXcursor -lXcomposite -lXdamage -lXfixes -lX11 -lXext -latk-1.0 -lcairo -lgdk_pixbuf-2.0 -lgio-2.0 -lpangoft2-1.0 -lpango-1.0 -lgobject-2.0 -lglib-2.0 -lintl -lfontconfig -lfreetype

yes
------------------------------------------------------------------
Checking for 'libxml-2.0' >= 2.7
['/opt/local/bin/pkg-config', '--atleast-version=2.7', 'libxml-2.0']
['/opt/local/bin/pkg-config', '--cflags', '--libs', 'libxml-2.0']
out: -I/opt/local/include/libxml2 -L/opt/local/lib -lxml2

yes
------------------------------------------------------------------
Checking for type uint128_t
==>
#include <stdint.h>

int main(int argc, char **argv) {
	(void)argc; (void)argv;
	if ((uint128_t *) 0) return 0;
	if (sizeof (uint128_t)) return 0;
	return 1;
}

<==
[1/2] Compiling [32mbuild/.conf_check_b6a0cd88313fcfa2a5372d5287665770/test.cpp[0m

['/usr/bin/clang++', '-std=c++0x', '-std=c++11', '-O0', '-ggdb', '-g3', '-Wall', '-Wno-error=deprecated-declarations', '-fstrict-aliasing', '-Wstrict-aliasing', '-DNS3_BUILD_PROFILE_DEBUG', '-DNS3_ASSERT_ENABLE', '-DNS3_LOG_ENABLE', '../test.cpp', '-c', '-o', '/Users/Mocca/Desktop/ndnSIM/ndnSIM/ns-3/build/.conf_check_b6a0cd88313fcfa2a5372d5287665770/testbuild/test.cpp.1.o']
err: ../test.cpp:5:7: error: use of undeclared identifier 'uint128_t'
        if ((uint128_t *) 0) return 0;
             ^
../test.cpp:5:18: error: expected expression
        if ((uint128_t *) 0) return 0;
                        ^
../test.cpp:6:14: error: use of undeclared identifier 'uint128_t'
        if (sizeof (uint128_t)) return 0;
                    ^
3 errors generated.

from /Users/Mocca/Desktop/ndnSIM/ndnSIM/ns-3/src/core: Test does not build: Traceback (most recent call last):
  File "/Users/Mocca/Desktop/ndnSIM/ndnSIM/ns-3/.waf-1.8.12-f00e5b53f6bbeab1384a38c9cc5d51f7/waflib/Configure.py", line 339, in run_build
    bld.compile()
  File "/Users/Mocca/Desktop/ndnSIM/ndnSIM/ns-3/.waf-1.8.12-f00e5b53f6bbeab1384a38c9cc5d51f7/waflib/Build.py", line 182, in compile
    raise Errors.BuildError(self.producer.error)
BuildError: Build failed
 -> task in 'testprog' failed (exit status 1): 
	{task 4397799056: cxx test.cpp -> test.cpp.1.o}
['/usr/bin/clang++', '-std=c++0x', '-std=c++11', '-O0', '-ggdb', '-g3', '-Wall', '-Wno-error=deprecated-declarations', '-fstrict-aliasing', '-Wstrict-aliasing', '-DNS3_BUILD_PROFILE_DEBUG', '-DNS3_ASSERT_ENABLE', '-DNS3_LOG_ENABLE', '../test.cpp', '-c', '-o', '/Users/Mocca/Desktop/ndnSIM/ndnSIM/ns-3/build/.conf_check_b6a0cd88313fcfa2a5372d5287665770/testbuild/test.cpp.1.o']

not found
from /Users/Mocca/Desktop/ndnSIM/ndnSIM/ns-3/src/core: The configuration failed
------------------------------------------------------------------
Checking for type __uint128_t
==>
#include <stdint.h>

int main(int argc, char **argv) {
	(void)argc; (void)argv;
	if ((__uint128_t *) 0) return 0;
	if (sizeof (__uint128_t)) return 0;
	return 1;
}

<==
[1/2] Compiling [32mbuild/.conf_check_ab51bf8e726ae5c799d3a661c2b55f52/test.cpp[0m

['/usr/bin/clang++', '-std=c++0x', '-std=c++11', '-O0', '-ggdb', '-g3', '-Wall', '-Wno-error=deprecated-declarations', '-fstrict-aliasing', '-Wstrict-aliasing', '-DNS3_BUILD_PROFILE_DEBUG', '-DNS3_ASSERT_ENABLE', '-DNS3_LOG_ENABLE', '../test.cpp', '-c', '-o', '/Users/Mocca/Desktop/ndnSIM/ndnSIM/ns-3/build/.conf_check_ab51bf8e726ae5c799d3a661c2b55f52/testbuild/test.cpp.1.o']
[2/2] Linking [33mbuild/.conf_check_ab51bf8e726ae5c799d3a661c2b55f52/testbuild/testprog[0m

['/usr/bin/clang++', 'test.cpp.1.o', '-o', '/Users/Mocca/Desktop/ndnSIM/ndnSIM/ns-3/build/.conf_check_ab51bf8e726ae5c799d3a661c2b55f52/testbuild/testprog']
yes
------------------------------------------------------------------
Checking high precision implementation
128-bit integer (default)
------------------------------------------------------------------
Checking for header stdint.h
==>
#include <stdint.h>

int main(int argc, char **argv) {
	(void)argc; (void)argv;
	return 0;
}

<==
[1/2] Compiling [32mbuild/.conf_check_b2640dea99a491ddf1745cb51ecab3c0/test.cpp[0m

['/usr/bin/clang++', '-std=c++0x', '-std=c++11', '-O0', '-ggdb', '-g3', '-Wall', '-Wno-error=deprecated-declarations', '-fstrict-aliasing', '-Wstrict-aliasing', '-DNS3_BUILD_PROFILE_DEBUG', '-DNS3_ASSERT_ENABLE', '-DNS3_LOG_ENABLE', '-DHAVE___UINT128_T=1', '-DINT64X64_USE_128=1', '../test.cpp', '-c', '-o', '/Users/Mocca/Desktop/ndnSIM/ndnSIM/ns-3/build/.conf_check_b2640dea99a491ddf1745cb51ecab3c0/testbuild/test.cpp.1.o']
[2/2] Linking [33mbuild/.conf_check_b2640dea99a491ddf1745cb51ecab3c0/testbuild/testprog[0m

['/usr/bin/clang++', 'test.cpp.1.o', '-o', '/Users/Mocca/Desktop/ndnSIM/ndnSIM/ns-3/build/.conf_check_b2640dea99a491ddf1745cb51ecab3c0/testbuild/testprog']
yes
------------------------------------------------------------------
Checking for header inttypes.h
==>
#include <inttypes.h>

int main(int argc, char **argv) {
	(void)argc; (void)argv;
	return 0;
}

<==
[1/2] Compiling [32mbuild/.conf_check_5e55cf67c414ab292edd5153d58edbc3/test.cpp[0m

['/usr/bin/clang++', '-std=c++0x', '-std=c++11', '-O0', '-ggdb', '-g3', '-Wall', '-Wno-error=deprecated-declarations', '-fstrict-aliasing', '-Wstrict-aliasing', '-DNS3_BUILD_PROFILE_DEBUG', '-DNS3_ASSERT_ENABLE', '-DNS3_LOG_ENABLE', '-DHAVE___UINT128_T=1', '-DINT64X64_USE_128=1', '-DHAVE_STDINT_H=1', '../test.cpp', '-c', '-o', '/Users/Mocca/Desktop/ndnSIM/ndnSIM/ns-3/build/.conf_check_5e55cf67c414ab292edd5153d58edbc3/testbuild/test.cpp.1.o']
[2/2] Linking [33mbuild/.conf_check_5e55cf67c414ab292edd5153d58edbc3/testbuild/testprog[0m

['/usr/bin/clang++', 'test.cpp.1.o', '-o', '/Users/Mocca/Desktop/ndnSIM/ndnSIM/ns-3/build/.conf_check_5e55cf67c414ab292edd5153d58edbc3/testbuild/testprog']
yes
------------------------------------------------------------------
Checking for header sys/inttypes.h
==>
#include <sys/inttypes.h>

int main(int argc, char **argv) {
	(void)argc; (void)argv;
	return 0;
}

<==
[1/2] Compiling [32mbuild/.conf_check_6edd2e7a80686cc498fd18cb05a15d43/test.cpp[0m

['/usr/bin/clang++', '-std=c++0x', '-std=c++11', '-O0', '-ggdb', '-g3', '-Wall', '-Wno-error=deprecated-declarations', '-fstrict-aliasing', '-Wstrict-aliasing', '-DNS3_BUILD_PROFILE_DEBUG', '-DNS3_ASSERT_ENABLE', '-DNS3_LOG_ENABLE', '-DHAVE___UINT128_T=1', '-DINT64X64_USE_128=1', '-DHAVE_STDINT_H=1', '-DHAVE_INTTYPES_H=1', '../test.cpp', '-c', '-o', '/Users/Mocca/Desktop/ndnSIM/ndnSIM/ns-3/build/.conf_check_6edd2e7a80686cc498fd18cb05a15d43/testbuild/test.cpp.1.o']
err: ../test.cpp:1:10: fatal error: 'sys/inttypes.h' file not found
#include <sys/inttypes.h>
         ^
1 error generated.

from /Users/Mocca/Desktop/ndnSIM/ndnSIM/ns-3/src/core: Test does not build: Traceback (most recent call last):
  File "/Users/Mocca/Desktop/ndnSIM/ndnSIM/ns-3/.waf-1.8.12-f00e5b53f6bbeab1384a38c9cc5d51f7/waflib/Configure.py", line 339, in run_build
    bld.compile()
  File "/Users/Mocca/Desktop/ndnSIM/ndnSIM/ns-3/.waf-1.8.12-f00e5b53f6bbeab1384a38c9cc5d51f7/waflib/Build.py", line 182, in compile
    raise Errors.BuildError(self.producer.error)
BuildError: Build failed
 -> task in 'testprog' failed (exit status 1): 
	{task 4397847760: cxx test.cpp -> test.cpp.1.o}
['/usr/bin/clang++', '-std=c++0x', '-std=c++11', '-O0', '-ggdb', '-g3', '-Wall', '-Wno-error=deprecated-declarations', '-fstrict-aliasing', '-Wstrict-aliasing', '-DNS3_BUILD_PROFILE_DEBUG', '-DNS3_ASSERT_ENABLE', '-DNS3_LOG_ENABLE', '-DHAVE___UINT128_T=1', '-DINT64X64_USE_128=1', '-DHAVE_STDINT_H=1', '-DHAVE_INTTYPES_H=1', '../test.cpp', '-c', '-o', '/Users/Mocca/Desktop/ndnSIM/ndnSIM/ns-3/build/.conf_check_6edd2e7a80686cc498fd18cb05a15d43/testbuild/test.cpp.1.o']

not found
from /Users/Mocca/Desktop/ndnSIM/ndnSIM/ns-3/src/core: The configuration failed
------------------------------------------------------------------
Checking for header sys/types.h
==>
#include <sys/types.h>

int main(int argc, char **argv) {
	(void)argc; (void)argv;
	return 0;
}

<==
[1/2] Compiling [32mbuild/.conf_check_9dcf42569e60b4b742cd1f345c95ca39/test.cpp[0m

['/usr/bin/clang++', '-std=c++0x', '-std=c++11', '-O0', '-ggdb', '-g3', '-Wall', '-Wno-error=deprecated-declarations', '-fstrict-aliasing', '-Wstrict-aliasing', '-DNS3_BUILD_PROFILE_DEBUG', '-DNS3_ASSERT_ENABLE', '-DNS3_LOG_ENABLE', '-DHAVE___UINT128_T=1', '-DINT64X64_USE_128=1', '-DHAVE_STDINT_H=1', '-DHAVE_INTTYPES_H=1', '../test.cpp', '-c', '-o', '/Users/Mocca/Desktop/ndnSIM/ndnSIM/ns-3/build/.conf_check_9dcf42569e60b4b742cd1f345c95ca39/testbuild/test.cpp.1.o']
[2/2] Linking [33mbuild/.conf_check_9dcf42569e60b4b742cd1f345c95ca39/testbuild/testprog[0m

['/usr/bin/clang++', 'test.cpp.1.o', '-o', '/Users/Mocca/Desktop/ndnSIM/ndnSIM/ns-3/build/.conf_check_9dcf42569e60b4b742cd1f345c95ca39/testbuild/testprog']
yes
------------------------------------------------------------------
Checking for header sys/stat.h
==>
#include <sys/stat.h>

int main(int argc, char **argv) {
	(void)argc; (void)argv;
	return 0;
}

<==
[1/2] Compiling [32mbuild/.conf_check_6a2a6c1520ee718ef35ab7da227929e9/test.cpp[0m

['/usr/bin/clang++', '-std=c++0x', '-std=c++11', '-O0', '-ggdb', '-g3', '-Wall', '-Wno-error=deprecated-declarations', '-fstrict-aliasing', '-Wstrict-aliasing', '-DNS3_BUILD_PROFILE_DEBUG', '-DNS3_ASSERT_ENABLE', '-DNS3_LOG_ENABLE', '-DHAVE___UINT128_T=1', '-DINT64X64_USE_128=1', '-DHAVE_STDINT_H=1', '-DHAVE_INTTYPES_H=1', '-DHAVE_SYS_TYPES_H=1', '../test.cpp', '-c', '-o', '/Users/Mocca/Desktop/ndnSIM/ndnSIM/ns-3/build/.conf_check_6a2a6c1520ee718ef35ab7da227929e9/testbuild/test.cpp.1.o']
[2/2] Linking [33mbuild/.conf_check_6a2a6c1520ee718ef35ab7da227929e9/testbuild/testprog[0m

['/usr/bin/clang++', 'test.cpp.1.o', '-o', '/Users/Mocca/Desktop/ndnSIM/ndnSIM/ns-3/build/.conf_check_6a2a6c1520ee718ef35ab7da227929e9/testbuild/testprog']
yes
------------------------------------------------------------------
Checking for header dirent.h
==>
#include <dirent.h>

int main(int argc, char **argv) {
	(void)argc; (void)argv;
	return 0;
}

<==
[1/2] Compiling [32mbuild/.conf_check_55d90f1d24ebb909cdd4fb8823ff6034/test.cpp[0m

['/usr/bin/clang++', '-std=c++0x', '-std=c++11', '-O0', '-ggdb', '-g3', '-Wall', '-Wno-error=deprecated-declarations', '-fstrict-aliasing', '-Wstrict-aliasing', '-DNS3_BUILD_PROFILE_DEBUG', '-DNS3_ASSERT_ENABLE', '-DNS3_LOG_ENABLE', '-DHAVE___UINT128_T=1', '-DINT64X64_USE_128=1', '-DHAVE_STDINT_H=1', '-DHAVE_INTTYPES_H=1', '-DHAVE_SYS_TYPES_H=1', '-DHAVE_SYS_STAT_H=1', '../test.cpp', '-c', '-o', '/Users/Mocca/Desktop/ndnSIM/ndnSIM/ns-3/build/.conf_check_55d90f1d24ebb909cdd4fb8823ff6034/testbuild/test.cpp.1.o']
[2/2] Linking [33mbuild/.conf_check_55d90f1d24ebb909cdd4fb8823ff6034/testbuild/testprog[0m

['/usr/bin/clang++', 'test.cpp.1.o', '-o', '/Users/Mocca/Desktop/ndnSIM/ndnSIM/ns-3/build/.conf_check_55d90f1d24ebb909cdd4fb8823ff6034/testbuild/testprog']
yes
------------------------------------------------------------------
Checking for header stdlib.h
==>
#include <stdlib.h>

int main(int argc, char **argv) {
	(void)argc; (void)argv;
	return 0;
}

<==
[1/2] Compiling [32mbuild/.conf_check_4f2a99bf80f515e4c070a358f62396bb/test.cpp[0m

['/usr/bin/clang++', '-std=c++0x', '-std=c++11', '-O0', '-ggdb', '-g3', '-Wall', '-Wno-error=deprecated-declarations', '-fstrict-aliasing', '-Wstrict-aliasing', '-DNS3_BUILD_PROFILE_DEBUG', '-DNS3_ASSERT_ENABLE', '-DNS3_LOG_ENABLE', '-DHAVE___UINT128_T=1', '-DINT64X64_USE_128=1', '-DHAVE_STDINT_H=1', '-DHAVE_INTTYPES_H=1', '-DHAVE_SYS_TYPES_H=1', '-DHAVE_SYS_STAT_H=1', '-DHAVE_DIRENT_H=1', '../test.cpp', '-c', '-o', '/Users/Mocca/Desktop/ndnSIM/ndnSIM/ns-3/build/.conf_check_4f2a99bf80f515e4c070a358f62396bb/testbuild/test.cpp.1.o']
[2/2] Linking [33mbuild/.conf_check_4f2a99bf80f515e4c070a358f62396bb/testbuild/testprog[0m

['/usr/bin/clang++', 'test.cpp.1.o', '-o', '/Users/Mocca/Desktop/ndnSIM/ndnSIM/ns-3/build/.conf_check_4f2a99bf80f515e4c070a358f62396bb/testbuild/testprog']
yes
------------------------------------------------------------------
Checking for header signal.h
==>
#include <signal.h>

int main(int argc, char **argv) {
	(void)argc; (void)argv;
	return 0;
}

<==
[1/2] Compiling [32mbuild/.conf_check_ef0e2e69233fa0649e93d821fb555c72/test.cpp[0m

['/usr/bin/clang++', '-std=c++0x', '-std=c++11', '-O0', '-ggdb', '-g3', '-Wall', '-Wno-error=deprecated-declarations', '-fstrict-aliasing', '-Wstrict-aliasing', '-DNS3_BUILD_PROFILE_DEBUG', '-DNS3_ASSERT_ENABLE', '-DNS3_LOG_ENABLE', '-DHAVE___UINT128_T=1', '-DINT64X64_USE_128=1', '-DHAVE_STDINT_H=1', '-DHAVE_INTTYPES_H=1', '-DHAVE_SYS_TYPES_H=1', '-DHAVE_SYS_STAT_H=1', '-DHAVE_DIRENT_H=1', '-DHAVE_STDLIB_H=1', '-DHAVE_GETENV=1', '../test.cpp', '-c', '-o', '/Users/Mocca/Desktop/ndnSIM/ndnSIM/ns-3/build/.conf_check_ef0e2e69233fa0649e93d821fb555c72/testbuild/test.cpp.1.o']
[2/2] Linking [33mbuild/.conf_check_ef0e2e69233fa0649e93d821fb555c72/testbuild/testprog[0m

['/usr/bin/clang++', 'test.cpp.1.o', '-o', '/Users/Mocca/Desktop/ndnSIM/ndnSIM/ns-3/build/.conf_check_ef0e2e69233fa0649e93d821fb555c72/testbuild/testprog']
yes
------------------------------------------------------------------
Checking for header pthread.h
==>

#include <pthread.h>
int main ()
{
   pthread_mutex_t m;
   pthread_mutex_init (&m, NULL);
   return 0;
}

<==
[1/2] Compiling [32mbuild/.conf_check_d767559ef16def27afec7a56610262cc/test.cpp[0m

['/usr/bin/clang++', '-std=c++0x', '-std=c++11', '-O0', '-ggdb', '-g3', '-Wall', '-Wno-error=deprecated-declarations', '-fstrict-aliasing', '-Wstrict-aliasing', '-DNS3_BUILD_PROFILE_DEBUG', '-DNS3_ASSERT_ENABLE', '-DNS3_LOG_ENABLE', '-DHAVE___UINT128_T=1', '-DINT64X64_USE_128=1', '-DHAVE_STDINT_H=1', '-DHAVE_INTTYPES_H=1', '-DHAVE_SYS_TYPES_H=1', '-DHAVE_SYS_STAT_H=1', '-DHAVE_DIRENT_H=1', '-DHAVE_STDLIB_H=1', '-DHAVE_GETENV=1', '-DHAVE_SIGNAL_H=1', '../test.cpp', '-c', '-o', '/Users/Mocca/Desktop/ndnSIM/ndnSIM/ns-3/build/.conf_check_d767559ef16def27afec7a56610262cc/testbuild/test.cpp.1.o']
[2/2] Linking [33mbuild/.conf_check_d767559ef16def27afec7a56610262cc/testbuild/testprog[0m

['/usr/bin/clang++', 'test.cpp.1.o', '-o', '/Users/Mocca/Desktop/ndnSIM/ndnSIM/ns-3/build/.conf_check_d767559ef16def27afec7a56610262cc/testbuild/testprog']
yes
------------------------------------------------------------------
Checking for header stdint.h
==>
#include <stdint.h>

int main(int argc, char **argv) {
	(void)argc; (void)argv;
	return 0;
}

<==
[1/2] Compiling [32mbuild/.conf_check_b2640dea99a491ddf1745cb51ecab3c0/test.cpp[0m

['/usr/bin/clang++', '-std=c++0x', '-std=c++11', '-O0', '-ggdb', '-g3', '-Wall', '-Wno-error=deprecated-declarations', '-fstrict-aliasing', '-Wstrict-aliasing', '-DNS3_BUILD_PROFILE_DEBUG', '-DNS3_ASSERT_ENABLE', '-DNS3_LOG_ENABLE', '-DHAVE___UINT128_T=1', '-DINT64X64_USE_128=1', '-DHAVE_INTTYPES_H=1', '-DHAVE_SYS_TYPES_H=1', '-DHAVE_SYS_STAT_H=1', '-DHAVE_DIRENT_H=1', '-DHAVE_STDLIB_H=1', '-DHAVE_GETENV=1', '-DHAVE_SIGNAL_H=1', '-DHAVE_PTHREAD_H=1', '../test.cpp', '-c', '-o', '/Users/Mocca/Desktop/ndnSIM/ndnSIM/ns-3/build/.conf_check_b2640dea99a491ddf1745cb51ecab3c0/testbuild/test.cpp.1.o']
[2/2] Linking [33mbuild/.conf_check_b2640dea99a491ddf1745cb51ecab3c0/testbuild/testprog[0m

['/usr/bin/clang++', 'test.cpp.1.o', '-o', '/Users/Mocca/Desktop/ndnSIM/ndnSIM/ns-3/build/.conf_check_b2640dea99a491ddf1745cb51ecab3c0/testbuild/testprog']
yes
------------------------------------------------------------------
Checking for header inttypes.h
==>
#include <inttypes.h>

int main(int argc, char **argv) {
	(void)argc; (void)argv;
	return 0;
}

<==
[1/2] Compiling [32mbuild/.conf_check_5e55cf67c414ab292edd5153d58edbc3/test.cpp[0m

['/usr/bin/clang++', '-std=c++0x', '-std=c++11', '-O0', '-ggdb', '-g3', '-Wall', '-Wno-error=deprecated-declarations', '-fstrict-aliasing', '-Wstrict-aliasing', '-DNS3_BUILD_PROFILE_DEBUG', '-DNS3_ASSERT_ENABLE', '-DNS3_LOG_ENABLE', '-DHAVE___UINT128_T=1', '-DINT64X64_USE_128=1', '-DHAVE_SYS_TYPES_H=1', '-DHAVE_SYS_STAT_H=1', '-DHAVE_DIRENT_H=1', '-DHAVE_STDLIB_H=1', '-DHAVE_GETENV=1', '-DHAVE_SIGNAL_H=1', '-DHAVE_PTHREAD_H=1', '-DHAVE_STDINT_H=1', '../test.cpp', '-c', '-o', '/Users/Mocca/Desktop/ndnSIM/ndnSIM/ns-3/build/.conf_check_5e55cf67c414ab292edd5153d58edbc3/testbuild/test.cpp.1.o']
[2/2] Linking [33mbuild/.conf_check_5e55cf67c414ab292edd5153d58edbc3/testbuild/testprog[0m

['/usr/bin/clang++', 'test.cpp.1.o', '-o', '/Users/Mocca/Desktop/ndnSIM/ndnSIM/ns-3/build/.conf_check_5e55cf67c414ab292edd5153d58edbc3/testbuild/testprog']
yes
------------------------------------------------------------------
Checking for header sys/inttypes.h
==>
#include <sys/inttypes.h>

int main(int argc, char **argv) {
	(void)argc; (void)argv;
	return 0;
}

<==
[1/2] Compiling [32mbuild/.conf_check_6edd2e7a80686cc498fd18cb05a15d43/test.cpp[0m

['/usr/bin/clang++', '-std=c++0x', '-std=c++11', '-O0', '-ggdb', '-g3', '-Wall', '-Wno-error=deprecated-declarations', '-fstrict-aliasing', '-Wstrict-aliasing', '-DNS3_BUILD_PROFILE_DEBUG', '-DNS3_ASSERT_ENABLE', '-DNS3_LOG_ENABLE', '-DHAVE___UINT128_T=1', '-DINT64X64_USE_128=1', '-DHAVE_SYS_TYPES_H=1', '-DHAVE_SYS_STAT_H=1', '-DHAVE_DIRENT_H=1', '-DHAVE_STDLIB_H=1', '-DHAVE_GETENV=1', '-DHAVE_SIGNAL_H=1', '-DHAVE_PTHREAD_H=1', '-DHAVE_STDINT_H=1', '-DHAVE_INTTYPES_H=1', '../test.cpp', '-c', '-o', '/Users/Mocca/Desktop/ndnSIM/ndnSIM/ns-3/build/.conf_check_6edd2e7a80686cc498fd18cb05a15d43/testbuild/test.cpp.1.o']
err: ../test.cpp:1:10: fatal error: 'sys/inttypes.h' file not found
#include <sys/inttypes.h>
         ^
1 error generated.

from /Users/Mocca/Desktop/ndnSIM/ndnSIM/ns-3/src/core: Test does not build: Traceback (most recent call last):
  File "/Users/Mocca/Desktop/ndnSIM/ndnSIM/ns-3/.waf-1.8.12-f00e5b53f6bbeab1384a38c9cc5d51f7/waflib/Configure.py", line 339, in run_build
    bld.compile()
  File "/Users/Mocca/Desktop/ndnSIM/ndnSIM/ns-3/.waf-1.8.12-f00e5b53f6bbeab1384a38c9cc5d51f7/waflib/Build.py", line 182, in compile
    raise Errors.BuildError(self.producer.error)
BuildError: Build failed
 -> task in 'testprog' failed (exit status 1): 
	{task 4397932304: cxx test.cpp -> test.cpp.1.o}
['/usr/bin/clang++', '-std=c++0x', '-std=c++11', '-O0', '-ggdb', '-g3', '-Wall', '-Wno-error=deprecated-declarations', '-fstrict-aliasing', '-Wstrict-aliasing', '-DNS3_BUILD_PROFILE_DEBUG', '-DNS3_ASSERT_ENABLE', '-DNS3_LOG_ENABLE', '-DHAVE___UINT128_T=1', '-DINT64X64_USE_128=1', '-DHAVE_SYS_TYPES_H=1', '-DHAVE_SYS_STAT_H=1', '-DHAVE_DIRENT_H=1', '-DHAVE_STDLIB_H=1', '-DHAVE_GETENV=1', '-DHAVE_SIGNAL_H=1', '-DHAVE_PTHREAD_H=1', '-DHAVE_STDINT_H=1', '-DHAVE_INTTYPES_H=1', '../test.cpp', '-c', '-o', '/Users/Mocca/Desktop/ndnSIM/ndnSIM/ns-3/build/.conf_check_6edd2e7a80686cc498fd18cb05a15d43/testbuild/test.cpp.1.o']

not found
from /Users/Mocca/Desktop/ndnSIM/ndnSIM/ns-3/src/core: The configuration failed
------------------------------------------------------------------
Checking for library rt
==>

int main(int argc, char **argv) {
	(void)argc; (void)argv;
	return 0;
}

<==
[1/2] Compiling [32mbuild/.conf_check_d88d17b57419f5e6da67ac14878228a4/test.cpp[0m

['/usr/bin/clang++', '-std=c++0x', '-std=c++11', '-O0', '-ggdb', '-g3', '-Wall', '-Wno-error=deprecated-declarations', '-fstrict-aliasing', '-Wstrict-aliasing', '-DNS3_BUILD_PROFILE_DEBUG', '-DNS3_ASSERT_ENABLE', '-DNS3_LOG_ENABLE', '-DHAVE___UINT128_T=1', '-DINT64X64_USE_128=1', '-DHAVE_SYS_TYPES_H=1', '-DHAVE_SYS_STAT_H=1', '-DHAVE_DIRENT_H=1', '-DHAVE_STDLIB_H=1', '-DHAVE_GETENV=1', '-DHAVE_SIGNAL_H=1', '-DHAVE_PTHREAD_H=1', '-DHAVE_STDINT_H=1', '-DHAVE_INTTYPES_H=1', '../test.cpp', '-c', '-o', '/Users/Mocca/Desktop/ndnSIM/ndnSIM/ns-3/build/.conf_check_d88d17b57419f5e6da67ac14878228a4/testbuild/test.cpp.1.o']
[2/2] Linking [33mbuild/.conf_check_d88d17b57419f5e6da67ac14878228a4/testbuild/testprog[0m

['/usr/bin/clang++', 'test.cpp.1.o', '-o', '/Users/Mocca/Desktop/ndnSIM/ndnSIM/ns-3/build/.conf_check_d88d17b57419f5e6da67ac14878228a4/testbuild/testprog', '-lrt']
err: ld: library not found for -lrt
clang: error: linker command failed with exit code 1 (use -v to see invocation)

from /Users/Mocca/Desktop/ndnSIM/ndnSIM/ns-3/src/core: Test does not build: Traceback (most recent call last):
  File "/Users/Mocca/Desktop/ndnSIM/ndnSIM/ns-3/.waf-1.8.12-f00e5b53f6bbeab1384a38c9cc5d51f7/waflib/Configure.py", line 339, in run_build
    bld.compile()
  File "/Users/Mocca/Desktop/ndnSIM/ndnSIM/ns-3/.waf-1.8.12-f00e5b53f6bbeab1384a38c9cc5d51f7/waflib/Build.py", line 182, in compile
    raise Errors.BuildError(self.producer.error)
BuildError: Build failed
 -> task in 'testprog' failed (exit status 1): 
	{task 4397621072: cxxprogram test.cpp.1.o -> testprog}
['/usr/bin/clang++', 'test.cpp.1.o', '-o', '/Users/Mocca/Desktop/ndnSIM/ndnSIM/ns-3/build/.conf_check_d88d17b57419f5e6da67ac14878228a4/testbuild/testprog', '-lrt']

not found
from /Users/Mocca/Desktop/ndnSIM/ndnSIM/ns-3/src/core: The configuration failed
------------------------------------------------------------------
Checking for header sys/ioctl.h
==>
#include <sys/ioctl.h>

int main(int argc, char **argv) {
	(void)argc; (void)argv;
	return 0;
}

<==
[1/2] Compiling [32mbuild/.conf_check_8d471f7feebbd1ee76cf73d745078907/test.cpp[0m

['/usr/bin/clang++', '-std=c++0x', '-std=c++11', '-O0', '-ggdb', '-g3', '-Wall', '-Wno-error=deprecated-declarations', '-fstrict-aliasing', '-Wstrict-aliasing', '-DNS3_BUILD_PROFILE_DEBUG', '-DNS3_ASSERT_ENABLE', '-DNS3_LOG_ENABLE', '../test.cpp', '-c', '-o', '/Users/Mocca/Desktop/ndnSIM/ndnSIM/ns-3/build/.conf_check_8d471f7feebbd1ee76cf73d745078907/testbuild/test.cpp.1.o']
[2/2] Linking [33mbuild/.conf_check_8d471f7feebbd1ee76cf73d745078907/testbuild/testprog[0m

['/usr/bin/clang++', 'test.cpp.1.o', '-o', '/Users/Mocca/Desktop/ndnSIM/ndnSIM/ns-3/build/.conf_check_8d471f7feebbd1ee76cf73d745078907/testbuild/testprog']
yes
------------------------------------------------------------------
Checking for header net/if.h
==>
#include <net/if.h>

int main(int argc, char **argv) {
	(void)argc; (void)argv;
	return 0;
}

<==
[1/2] Compiling [32mbuild/.conf_check_e8868fa80fb869e68ed2b844b36923b1/test.cpp[0m

['/usr/bin/clang++', '-std=c++0x', '-std=c++11', '-O0', '-ggdb', '-g3', '-Wall', '-Wno-error=deprecated-declarations', '-fstrict-aliasing', '-Wstrict-aliasing', '-DNS3_BUILD_PROFILE_DEBUG', '-DNS3_ASSERT_ENABLE', '-DNS3_LOG_ENABLE', '-DHAVE_SYS_IOCTL_H=1', '../test.cpp', '-c', '-o', '/Users/Mocca/Desktop/ndnSIM/ndnSIM/ns-3/build/.conf_check_e8868fa80fb869e68ed2b844b36923b1/testbuild/test.cpp.1.o']
[2/2] Linking [33mbuild/.conf_check_e8868fa80fb869e68ed2b844b36923b1/testbuild/testprog[0m

['/usr/bin/clang++', 'test.cpp.1.o', '-o', '/Users/Mocca/Desktop/ndnSIM/ndnSIM/ns-3/build/.conf_check_e8868fa80fb869e68ed2b844b36923b1/testbuild/testprog']
yes
------------------------------------------------------------------
Checking for header net/ethernet.h
==>
#include <net/ethernet.h>

int main(int argc, char **argv) {
	(void)argc; (void)argv;
	return 0;
}

<==
[1/2] Compiling [32mbuild/.conf_check_651d3269d2df18dcb3c4f3bde071eb23/test.cpp[0m

['/usr/bin/clang++', '-std=c++0x', '-std=c++11', '-O0', '-ggdb', '-g3', '-Wall', '-Wno-error=deprecated-declarations', '-fstrict-aliasing', '-Wstrict-aliasing', '-DNS3_BUILD_PROFILE_DEBUG', '-DNS3_ASSERT_ENABLE', '-DNS3_LOG_ENABLE', '-DHAVE_SYS_IOCTL_H=1', '-DHAVE_IF_NETS_H=1', '../test.cpp', '-c', '-o', '/Users/Mocca/Desktop/ndnSIM/ndnSIM/ns-3/build/.conf_check_651d3269d2df18dcb3c4f3bde071eb23/testbuild/test.cpp.1.o']
[2/2] Linking [33mbuild/.conf_check_651d3269d2df18dcb3c4f3bde071eb23/testbuild/testprog[0m

['/usr/bin/clang++', 'test.cpp.1.o', '-o', '/Users/Mocca/Desktop/ndnSIM/ndnSIM/ns-3/build/.conf_check_651d3269d2df18dcb3c4f3bde071eb23/testbuild/testprog']
yes
------------------------------------------------------------------
Checking for header linux/if_tun.h
==>
#include <linux/if_tun.h>

int main(int argc, char **argv) {
	(void)argc; (void)argv;
	return 0;
}

<==
[1/2] Compiling [32mbuild/.conf_check_efdf747995b5f945fd55a27bed598f8e/test.cpp[0m

['/usr/bin/clang++', '-std=c++0x', '-std=c++11', '-O0', '-ggdb', '-g3', '-Wall', '-Wno-error=deprecated-declarations', '-fstrict-aliasing', '-Wstrict-aliasing', '-DNS3_BUILD_PROFILE_DEBUG', '-DNS3_ASSERT_ENABLE', '-DNS3_LOG_ENABLE', '-DHAVE_SYS_IOCTL_H=1', '-DHAVE_IF_NETS_H=1', '-DHAVE_NET_ETHERNET_H=1', '../test.cpp', '-c', '-o', '/Users/Mocca/Desktop/ndnSIM/ndnSIM/ns-3/build/.conf_check_efdf747995b5f945fd55a27bed598f8e/testbuild/test.cpp.1.o']
err: ../test.cpp:1:10: fatal error: 'linux/if_tun.h' file not found
#include <linux/if_tun.h>
         ^
1 error generated.

from /Users/Mocca/Desktop/ndnSIM/ndnSIM/ns-3/src/fd-net-device: Test does not build: Traceback (most recent call last):
  File "/Users/Mocca/Desktop/ndnSIM/ndnSIM/ns-3/.waf-1.8.12-f00e5b53f6bbeab1384a38c9cc5d51f7/waflib/Configure.py", line 339, in run_build
    bld.compile()
  File "/Users/Mocca/Desktop/ndnSIM/ndnSIM/ns-3/.waf-1.8.12-f00e5b53f6bbeab1384a38c9cc5d51f7/waflib/Build.py", line 182, in compile
    raise Errors.BuildError(self.producer.error)
BuildError: Build failed
 -> task in 'testprog' failed (exit status 1): 
	{task 4397849680: cxx test.cpp -> test.cpp.1.o}
['/usr/bin/clang++', '-std=c++0x', '-std=c++11', '-O0', '-ggdb', '-g3', '-Wall', '-Wno-error=deprecated-declarations', '-fstrict-aliasing', '-Wstrict-aliasing', '-DNS3_BUILD_PROFILE_DEBUG', '-DNS3_ASSERT_ENABLE', '-DNS3_LOG_ENABLE', '-DHAVE_SYS_IOCTL_H=1', '-DHAVE_IF_NETS_H=1', '-DHAVE_NET_ETHERNET_H=1', '../test.cpp', '-c', '-o', '/Users/Mocca/Desktop/ndnSIM/ndnSIM/ns-3/build/.conf_check_efdf747995b5f945fd55a27bed598f8e/testbuild/test.cpp.1.o']

not found
from /Users/Mocca/Desktop/ndnSIM/ndnSIM/ns-3/src/fd-net-device: The configuration failed
------------------------------------------------------------------
Checking for header netpacket/packet.h
==>
#include <netpacket/packet.h>

int main(int argc, char **argv) {
	(void)argc; (void)argv;
	return 0;
}

<==
[1/2] Compiling [32mbuild/.conf_check_e766a3b9a98758a7ee71ab08316460f6/test.cpp[0m

['/usr/bin/clang++', '-std=c++0x', '-std=c++11', '-O0', '-ggdb', '-g3', '-Wall', '-Wno-error=deprecated-declarations', '-fstrict-aliasing', '-Wstrict-aliasing', '-DNS3_BUILD_PROFILE_DEBUG', '-DNS3_ASSERT_ENABLE', '-DNS3_LOG_ENABLE', '-DHAVE_SYS_IOCTL_H=1', '-DHAVE_IF_NETS_H=1', '-DHAVE_NET_ETHERNET_H=1', '../test.cpp', '-c', '-o', '/Users/Mocca/Desktop/ndnSIM/ndnSIM/ns-3/build/.conf_check_e766a3b9a98758a7ee71ab08316460f6/testbuild/test.cpp.1.o']
err: ../test.cpp:1:10: fatal error: 'netpacket/packet.h' file not found
#include <netpacket/packet.h>
         ^
1 error generated.

from /Users/Mocca/Desktop/ndnSIM/ndnSIM/ns-3/src/fd-net-device: Test does not build: Traceback (most recent call last):
  File "/Users/Mocca/Desktop/ndnSIM/ndnSIM/ns-3/.waf-1.8.12-f00e5b53f6bbeab1384a38c9cc5d51f7/waflib/Configure.py", line 339, in run_build
    bld.compile()
  File "/Users/Mocca/Desktop/ndnSIM/ndnSIM/ns-3/.waf-1.8.12-f00e5b53f6bbeab1384a38c9cc5d51f7/waflib/Build.py", line 182, in compile
    raise Errors.BuildError(self.producer.error)
BuildError: Build failed
 -> task in 'testprog' failed (exit status 1): 
	{task 4397742992: cxx test.cpp -> test.cpp.1.o}
['/usr/bin/clang++', '-std=c++0x', '-std=c++11', '-O0', '-ggdb', '-g3', '-Wall', '-Wno-error=deprecated-declarations', '-fstrict-aliasing', '-Wstrict-aliasing', '-DNS3_BUILD_PROFILE_DEBUG', '-DNS3_ASSERT_ENABLE', '-DNS3_LOG_ENABLE', '-DHAVE_SYS_IOCTL_H=1', '-DHAVE_IF_NETS_H=1', '-DHAVE_NET_ETHERNET_H=1', '../test.cpp', '-c', '-o', '/Users/Mocca/Desktop/ndnSIM/ndnSIM/ns-3/build/.conf_check_e766a3b9a98758a7ee71ab08316460f6/testbuild/test.cpp.1.o']

not found
from /Users/Mocca/Desktop/ndnSIM/ndnSIM/ns-3/src/fd-net-device: The configuration failed
------------------------------------------------------------------
Checking for NSC location
not found
------------------------------------------------------------------
Checking for program 'doxygen'
not found
find program=['doxygen'] paths=['/opt/local/bin', '/opt/local/sbin', '/opt/local/bin', '/opt/local/sbin', '/usr/local/bin', '/usr/bin', '/bin', '/usr/sbin', '/sbin', '/opt/X11/bin'] var='DOXYGEN' -> None
from /Users/Mocca/Desktop/ndnSIM/ndnSIM/ns-3/src/ndnSIM: Could not find the program ['doxygen']
------------------------------------------------------------------
Checking for program 'tar'
/usr/bin/tar
find program=['tar'] paths=['/opt/local/bin', '/opt/local/sbin', '/opt/local/bin', '/opt/local/sbin', '/usr/local/bin', '/usr/bin', '/bin', '/usr/sbin', '/sbin', '/opt/X11/bin'] var='TAR' -> ['/usr/bin/tar']
------------------------------------------------------------------
Checking for program 'sphinx-build'
not found
find program=['sphinx-build'] paths=['/opt/local/bin', '/opt/local/sbin', '/opt/local/bin', '/opt/local/sbin', '/usr/local/bin', '/usr/bin', '/bin', '/usr/sbin', '/sbin', '/opt/X11/bin'] var='SPHINX_BUILD' -> None
from /Users/Mocca/Desktop/ndnSIM/ndnSIM/ns-3/src/ndnSIM: Could not find the program ['sphinx-build']
------------------------------------------------------------------
Checking for std::is_default_constructible
==>
#include <type_traits>
static_assert(std::is_default_constructible<int>::value, "");
<==
[1/1] Compiling [32mbuild/.conf_check_b98b1ca872582bfba4a17acfec160320/test.cpp[0m

['/usr/bin/clang++', '-std=c++0x', '-std=c++11', '-O0', '-ggdb', '-g3', '-Wall', '-Wno-error=deprecated-declarations', '-fstrict-aliasing', '-Wstrict-aliasing', '-DNS3_BUILD_PROFILE_DEBUG', '-DNS3_ASSERT_ENABLE', '-DNS3_LOG_ENABLE', '-DHAVE_SYS_IOCTL_H=1', '-DHAVE_IF_NETS_H=1', '-DHAVE_NET_ETHERNET_H=1', '../test.cpp', '-c', '-o', '/Users/Mocca/Desktop/ndnSIM/ndnSIM/ns-3/build/.conf_check_b98b1ca872582bfba4a17acfec160320/testbuild/test.cpp.1.o']
yes
------------------------------------------------------------------
Checking for std::is_nothrow_move_constructible
==>
#include <type_traits>
static_assert(std::is_nothrow_move_constructible<int>::value, "");
<==
[1/1] Compiling [32mbuild/.conf_check_b5eafb1b1d729454c2c643c6238de6d0/test.cpp[0m

['/usr/bin/clang++', '-std=c++0x', '-std=c++11', '-O0', '-ggdb', '-g3', '-Wall', '-Wno-error=deprecated-declarations', '-fstrict-aliasing', '-Wstrict-aliasing', '-DNS3_BUILD_PROFILE_DEBUG', '-DNS3_ASSERT_ENABLE', '-DNS3_LOG_ENABLE', '-DHAVE_SYS_IOCTL_H=1', '-DHAVE_IF_NETS_H=1', '-DHAVE_NET_ETHERNET_H=1', '-DHAVE_IS_DEFAULT_CONSTRUCTIBLE=1', '../test.cpp', '-c', '-o', '/Users/Mocca/Desktop/ndnSIM/ndnSIM/ns-3/build/.conf_check_b5eafb1b1d729454c2c643c6238de6d0/testbuild/test.cpp.1.o']
yes
------------------------------------------------------------------
Checking for std::is_nothrow_move_assignable
==>
#include <type_traits>
static_assert(std::is_nothrow_move_assignable<int>::value, "");
<==
[1/1] Compiling [32mbuild/.conf_check_e0e3ec79439b9cbc07c7d9299611eea8/test.cpp[0m

['/usr/bin/clang++', '-std=c++0x', '-std=c++11', '-O0', '-ggdb', '-g3', '-Wall', '-Wno-error=deprecated-declarations', '-fstrict-aliasing', '-Wstrict-aliasing', '-DNS3_BUILD_PROFILE_DEBUG', '-DNS3_ASSERT_ENABLE', '-DNS3_LOG_ENABLE', '-DHAVE_SYS_IOCTL_H=1', '-DHAVE_IF_NETS_H=1', '-DHAVE_NET_ETHERNET_H=1', '-DHAVE_IS_DEFAULT_CONSTRUCTIBLE=1', '-DHAVE_IS_NOTHROW_MOVE_CONSTRUCTIBLE=1', '../test.cpp', '-c', '-o', '/Users/Mocca/Desktop/ndnSIM/ndnSIM/ns-3/build/.conf_check_e0e3ec79439b9cbc07c7d9299611eea8/testbuild/test.cpp.1.o']
yes
------------------------------------------------------------------
Checking for friend typename-specifier
==>

class A;

template<typename T>
class B
{
  friend T;
};

B<A> g_b;

<==
[1/1] Compiling [32mbuild/.conf_check_0b4c5d389753a879143d4ebbd3e2e83b/test.cpp[0m

['/usr/bin/clang++', '-std=c++0x', '-std=c++11', '-O0', '-ggdb', '-g3', '-Wall', '-Wno-error=deprecated-declarations', '-fstrict-aliasing', '-Wstrict-aliasing', '-DNS3_BUILD_PROFILE_DEBUG', '-DNS3_ASSERT_ENABLE', '-DNS3_LOG_ENABLE', '-DHAVE_SYS_IOCTL_H=1', '-DHAVE_IF_NETS_H=1', '-DHAVE_NET_ETHERNET_H=1', '-DHAVE_IS_DEFAULT_CONSTRUCTIBLE=1', '-DHAVE_IS_NOTHROW_MOVE_CONSTRUCTIBLE=1', '-DHAVE_IS_NOTHROW_MOVE_ASSIGNABLE=1', '../test.cpp', '-c', '-o', '/Users/Mocca/Desktop/ndnSIM/ndnSIM/ns-3/build/.conf_check_0b4c5d389753a879143d4ebbd3e2e83b/testbuild/test.cpp.1.o']
yes
------------------------------------------------------------------
Checking for override and final specifiers
==>

class Base
{
  virtual void
  f(int a);
};

class Derived : public Base
{
  virtual void
  f(int a) override;
};

class Final : public Derived
{
  virtual void
  f(int a) final;
};

<==
[1/1] Compiling [32mbuild/.conf_check_8399e1f689ab08b8465cc67b3600b0fe/test.cpp[0m

['/usr/bin/clang++', '-std=c++0x', '-std=c++11', '-O0', '-ggdb', '-g3', '-Wall', '-Wno-error=deprecated-declarations', '-fstrict-aliasing', '-Wstrict-aliasing', '-DNS3_BUILD_PROFILE_DEBUG', '-DNS3_ASSERT_ENABLE', '-DNS3_LOG_ENABLE', '-DHAVE_SYS_IOCTL_H=1', '-DHAVE_IF_NETS_H=1', '-DHAVE_NET_ETHERNET_H=1', '-DHAVE_IS_DEFAULT_CONSTRUCTIBLE=1', '-DHAVE_IS_NOTHROW_MOVE_CONSTRUCTIBLE=1', '-DHAVE_IS_NOTHROW_MOVE_ASSIGNABLE=1', '-DHAVE_CXX_FRIEND_TYPENAME=1', '../test.cpp', '-c', '-o', '/Users/Mocca/Desktop/ndnSIM/ndnSIM/ns-3/build/.conf_check_8399e1f689ab08b8465cc67b3600b0fe/testbuild/test.cpp.1.o']
yes
------------------------------------------------------------------
Checking for std::to_string
==>

#include <string>
int
main()
{
  std::string s = std::to_string(0);
  s = std::to_string(0l);
  s = std::to_string(0ll);
  s = std::to_string(0u);
  s = std::to_string(0ul);
  s = std::to_string(0ull);
  s = std::to_string(0.0f);
  s = std::to_string(0.0);
  s = std::to_string(0.0l);
  s.clear();
}

<==
[1/1] Compiling [32mbuild/.conf_check_bcce984fb76d8d708c166a4292dcdfdd/test.cpp[0m

['/usr/bin/clang++', '-std=c++0x', '-std=c++11', '-O0', '-ggdb', '-g3', '-Wall', '-Wno-error=deprecated-declarations', '-fstrict-aliasing', '-Wstrict-aliasing', '-DNS3_BUILD_PROFILE_DEBUG', '-DNS3_ASSERT_ENABLE', '-DNS3_LOG_ENABLE', '-DHAVE_SYS_IOCTL_H=1', '-DHAVE_IF_NETS_H=1', '-DHAVE_NET_ETHERNET_H=1', '-DHAVE_IS_DEFAULT_CONSTRUCTIBLE=1', '-DHAVE_IS_NOTHROW_MOVE_CONSTRUCTIBLE=1', '-DHAVE_IS_NOTHROW_MOVE_ASSIGNABLE=1', '-DHAVE_CXX_FRIEND_TYPENAME=1', '-DHAVE_CXX_OVERRIDE_FINAL=1', '../test.cpp', '-c', '-o', '/Users/Mocca/Desktop/ndnSIM/ndnSIM/ns-3/build/.conf_check_bcce984fb76d8d708c166a4292dcdfdd/testbuild/test.cpp.1.o']
yes
------------------------------------------------------------------
Checking for std::vector::insert with const_iterator
==>

#include <vector>
int
main()
{
  std::vector<int> v;
  std::vector<int>::const_iterator it = v.cbegin();

  v.insert(it, 2);
  it = v.cend() - 1;
  v.erase(it);
}

<==
[1/1] Compiling [32mbuild/.conf_check_cb83d0c8eb153f1be0eae5f7637e9687/test.cpp[0m

['/usr/bin/clang++', '-std=c++0x', '-std=c++11', '-O0', '-ggdb', '-g3', '-Wall', '-Wno-error=deprecated-declarations', '-fstrict-aliasing', '-Wstrict-aliasing', '-DNS3_BUILD_PROFILE_DEBUG', '-DNS3_ASSERT_ENABLE', '-DNS3_LOG_ENABLE', '-DHAVE_SYS_IOCTL_H=1', '-DHAVE_IF_NETS_H=1', '-DHAVE_NET_ETHERNET_H=1', '-DHAVE_IS_DEFAULT_CONSTRUCTIBLE=1', '-DHAVE_IS_NOTHROW_MOVE_CONSTRUCTIBLE=1', '-DHAVE_IS_NOTHROW_MOVE_ASSIGNABLE=1', '-DHAVE_CXX_FRIEND_TYPENAME=1', '-DHAVE_CXX_OVERRIDE_FINAL=1', '-DHAVE_STD_TO_STRING=1', '../test.cpp', '-c', '-o', '/Users/Mocca/Desktop/ndnSIM/ndnSIM/ns-3/build/.conf_check_cb83d0c8eb153f1be0eae5f7637e9687/testbuild/test.cpp.1.o']
yes
------------------------------------------------------------------
Checking for library pthread
==>

int main(int argc, char **argv) {
	(void)argc; (void)argv;
	return 0;
}

<==
[1/2] Compiling [32mbuild/.conf_check_a04bb5b3a28a8772411fce857d250d3c/test.cpp[0m

['/usr/bin/clang++', '-std=c++0x', '-std=c++11', '-O0', '-ggdb', '-g3', '-Wall', '-Wno-error=deprecated-declarations', '-fstrict-aliasing', '-Wstrict-aliasing', '-DNS3_BUILD_PROFILE_DEBUG', '-DNS3_ASSERT_ENABLE', '-DNS3_LOG_ENABLE', '-DHAVE_SYS_IOCTL_H=1', '-DHAVE_IF_NETS_H=1', '-DHAVE_NET_ETHERNET_H=1', '-DHAVE_IS_DEFAULT_CONSTRUCTIBLE=1', '-DHAVE_IS_NOTHROW_MOVE_CONSTRUCTIBLE=1', '-DHAVE_IS_NOTHROW_MOVE_ASSIGNABLE=1', '-DHAVE_CXX_FRIEND_TYPENAME=1', '-DHAVE_CXX_OVERRIDE_FINAL=1', '-DHAVE_STD_TO_STRING=1', '-DHAVE_VECTOR_INSERT_ERASE_CONST_ITERATOR=1', '../test.cpp', '-c', '-o', '/Users/Mocca/Desktop/ndnSIM/ndnSIM/ns-3/build/.conf_check_a04bb5b3a28a8772411fce857d250d3c/testbuild/test.cpp.1.o']
[2/2] Linking [33mbuild/.conf_check_a04bb5b3a28a8772411fce857d250d3c/testbuild/testprog[0m

['/usr/bin/clang++', 'test.cpp.1.o', '-o', '/Users/Mocca/Desktop/ndnSIM/ndnSIM/ns-3/build/.conf_check_a04bb5b3a28a8772411fce857d250d3c/testbuild/testprog', '-lpthread']
yes
------------------------------------------------------------------
Checking for 'sqlite3'
['/opt/local/bin/pkg-config', '--cflags', '--libs', 'sqlite3']
out: -I/opt/local/include -L/opt/local/lib -lsqlite3

yes
------------------------------------------------------------------
Checking Crypto++ lib
5.6.5
------------------------------------------------------------------
Checking if CryptoPP library works
==>

#include "../../src/ndnSIM/ndn-cxx/src/security/cryptopp.hpp"
#include <iostream>

int
main()
{
  using namespace CryptoPP;

  std::string buffer = "Lorem ipsum dolor sit amet, consectetur adipiscing elit.";
  SHA256 hash;
  StringSource(buffer, true, new HashFilter(hash, new FileSink(std::cout)));
  StringSource(reinterpret_cast<const uint8_t*>(buffer.c_str()), buffer.size(),
               true, new HashFilter(hash, new FileSink(std::cout)));
}

<==
[1/2] Compiling [32mbuild/.conf_check_a7e659d8a2d0bfd649fde1169b9cd8a2/test.cpp[0m

['/usr/bin/clang++', '-std=c++0x', '-std=c++11', '-O0', '-ggdb', '-g3', '-Wall', '-Wno-error=deprecated-declarations', '-fstrict-aliasing', '-Wstrict-aliasing', '-I/opt/local/include', '-DNS3_BUILD_PROFILE_DEBUG', '-DNS3_ASSERT_ENABLE', '-DNS3_LOG_ENABLE', '-DHAVE_SYS_IOCTL_H=1', '-DHAVE_IF_NETS_H=1', '-DHAVE_NET_ETHERNET_H=1', '-DHAVE_IS_DEFAULT_CONSTRUCTIBLE=1', '-DHAVE_IS_NOTHROW_MOVE_CONSTRUCTIBLE=1', '-DHAVE_IS_NOTHROW_MOVE_ASSIGNABLE=1', '-DHAVE_CXX_FRIEND_TYPENAME=1', '-DHAVE_CXX_OVERRIDE_FINAL=1', '-DHAVE_STD_TO_STRING=1', '-DHAVE_VECTOR_INSERT_ERASE_CONST_ITERATOR=1', '-DHAVE_PTHREAD=1', '-DHAVE_SQLITE3=1', '../test.cpp', '-c', '-o', '/Users/Mocca/Desktop/ndnSIM/ndnSIM/ns-3/build/.conf_check_a7e659d8a2d0bfd649fde1169b9cd8a2/testbuild/test.cpp.1.o']
[2/2] Linking [33mbuild/.conf_check_a7e659d8a2d0bfd649fde1169b9cd8a2/testbuild/testprog[0m

['/usr/bin/clang++', 'test.cpp.1.o', '-o', '/Users/Mocca/Desktop/ndnSIM/ndnSIM/ns-3/build/.conf_check_a7e659d8a2d0bfd649fde1169b9cd8a2/testbuild/testprog', '-L/opt/local/lib', '-lcryptopp', '-lpthread']
yes
------------------------------------------------------------------
Checking for OpenFlow location
not found
------------------------------------------------------------------
Checking for 'sqlite3'
['/opt/local/bin/pkg-config', '--cflags', '--libs', 'sqlite3']
out: -I/opt/local/include -L/opt/local/lib -lsqlite3

yes
------------------------------------------------------------------
Checking for header linux/if_tun.h
==>
#include <linux/if_tun.h>

int main(int argc, char **argv) {
	(void)argc; (void)argv;
	return 0;
}

<==
[1/2] Compiling [32mbuild/.conf_check_efdf747995b5f945fd55a27bed598f8e/test.cpp[0m

['/usr/bin/clang++', '-std=c++0x', '-std=c++11', '-O0', '-ggdb', '-g3', '-Wall', '-Wno-error=deprecated-declarations', '-fstrict-aliasing', '-Wstrict-aliasing', '-DNS3_BUILD_PROFILE_DEBUG', '-DNS3_ASSERT_ENABLE', '-DNS3_LOG_ENABLE', '-DHAVE_SYS_IOCTL_H=1', '-DHAVE_IF_NETS_H=1', '-DHAVE_NET_ETHERNET_H=1', '-DHAVE_IS_DEFAULT_CONSTRUCTIBLE=1', '-DHAVE_IS_NOTHROW_MOVE_CONSTRUCTIBLE=1', '-DHAVE_IS_NOTHROW_MOVE_ASSIGNABLE=1', '-DHAVE_CXX_FRIEND_TYPENAME=1', '-DHAVE_CXX_OVERRIDE_FINAL=1', '-DHAVE_STD_TO_STRING=1', '-DHAVE_VECTOR_INSERT_ERASE_CONST_ITERATOR=1', '-DHAVE_PTHREAD=1', '-DHAVE_SQLITE3=1', '../test.cpp', '-c', '-o', '/Users/Mocca/Desktop/ndnSIM/ndnSIM/ns-3/build/.conf_check_efdf747995b5f945fd55a27bed598f8e/testbuild/test.cpp.1.o']
err: ../test.cpp:1:10: fatal error: 'linux/if_tun.h' file not found
#include <linux/if_tun.h>
         ^
1 error generated.

from /Users/Mocca/Desktop/ndnSIM/ndnSIM/ns-3/src/tap-bridge: Test does not build: Traceback (most recent call last):
  File "/Users/Mocca/Desktop/ndnSIM/ndnSIM/ns-3/.waf-1.8.12-f00e5b53f6bbeab1384a38c9cc5d51f7/waflib/Configure.py", line 339, in run_build
    bld.compile()
  File "/Users/Mocca/Desktop/ndnSIM/ndnSIM/ns-3/.waf-1.8.12-f00e5b53f6bbeab1384a38c9cc5d51f7/waflib/Build.py", line 182, in compile
    raise Errors.BuildError(self.producer.error)
BuildError: Build failed
 -> task in 'testprog' failed (exit status 1): 
	{task 4397929744: cxx test.cpp -> test.cpp.1.o}
['/usr/bin/clang++', '-std=c++0x', '-std=c++11', '-O0', '-ggdb', '-g3', '-Wall', '-Wno-error=deprecated-declarations', '-fstrict-aliasing', '-Wstrict-aliasing', '-DNS3_BUILD_PROFILE_DEBUG', '-DNS3_ASSERT_ENABLE', '-DNS3_LOG_ENABLE', '-DHAVE_SYS_IOCTL_H=1', '-DHAVE_IF_NETS_H=1', '-DHAVE_NET_ETHERNET_H=1', '-DHAVE_IS_DEFAULT_CONSTRUCTIBLE=1', '-DHAVE_IS_NOTHROW_MOVE_CONSTRUCTIBLE=1', '-DHAVE_IS_NOTHROW_MOVE_ASSIGNABLE=1', '-DHAVE_CXX_FRIEND_TYPENAME=1', '-DHAVE_CXX_OVERRIDE_FINAL=1', '-DHAVE_STD_TO_STRING=1', '-DHAVE_VECTOR_INSERT_ERASE_CONST_ITERATOR=1', '-DHAVE_PTHREAD=1', '-DHAVE_SQLITE3=1', '../test.cpp', '-c', '-o', '/Users/Mocca/Desktop/ndnSIM/ndnSIM/ns-3/build/.conf_check_efdf747995b5f945fd55a27bed598f8e/testbuild/test.cpp.1.o']

not found
from /Users/Mocca/Desktop/ndnSIM/ndnSIM/ns-3/src/tap-bridge: The configuration failed
------------------------------------------------------------------
Checking for python module 'gtk'
['/opt/local/Library/Frameworks/Python.framework/Versions/2.7/Resources/Python.app/Contents/MacOS/Python', '-c', "\nimport gtk as current_module\nversion = getattr(current_module, '__version__', None)\nif version is not None:\n\tprint(str(version))\nelse:\n\tprint('unknown version')\n"]
out: unknown version

err: 
** (process:72914): WARNING **: Trying to register gtype 'GMountMountFlags' as enum when in fact it is of type 'GFlags'

** (process:72914): WARNING **: Trying to register gtype 'GDriveStartFlags' as enum when in fact it is of type 'GFlags'

** (process:72914): WARNING **: Trying to register gtype 'GSocketMsgFlags' as enum when in fact it is of type 'GFlags'

ok
------------------------------------------------------------------
Checking for python module 'goocanvas'
['/opt/local/Library/Frameworks/Python.framework/Versions/2.7/Resources/Python.app/Contents/MacOS/Python', '-c', "\nimport goocanvas as current_module\nversion = getattr(current_module, '__version__', None)\nif version is not None:\n\tprint(str(version))\nelse:\n\tprint('unknown version')\n"]
out: 0.14.1

err: 
** (process:73069): WARNING **: Trying to register gtype 'GMountMountFlags' as enum when in fact it is of type 'GFlags'

** (process:73069): WARNING **: Trying to register gtype 'GDriveStartFlags' as enum when in fact it is of type 'GFlags'

** (process:73069): WARNING **: Trying to register gtype 'GSocketMsgFlags' as enum when in fact it is of type 'GFlags'

0.14.1
------------------------------------------------------------------
Checking for python module 'pygraphviz'
['/opt/local/Library/Frameworks/Python.framework/Versions/2.7/Resources/Python.app/Contents/MacOS/Python', '-c', "\nimport pygraphviz as current_module\nversion = getattr(current_module, '__version__', None)\nif version is not None:\n\tprint(str(version))\nelse:\n\tprint('unknown version')\n"]
out: 1.1.dev1952

1.1.dev1952
------------------------------------------------------------------
Checking for program 'sudo'
/usr/bin/sudo
find program=['sudo'] paths=['/opt/local/bin', '/opt/local/sbin', '/opt/local/bin', '/opt/local/sbin', '/usr/local/bin', '/usr/bin', '/bin', '/usr/sbin', '/sbin', '/opt/X11/bin'] var='SUDO' -> ['/usr/bin/sudo']
------------------------------------------------------------------
Checking for program 'valgrind'
not found
find program=['valgrind'] paths=['/opt/local/bin', '/opt/local/sbin', '/opt/local/bin', '/opt/local/sbin', '/usr/local/bin', '/usr/bin', '/bin', '/usr/sbin', '/sbin', '/opt/X11/bin'] var='VALGRIND' -> None
from /Users/Mocca/Desktop/ndnSIM/ndnSIM/ns-3: Could not find the program ['valgrind']
------------------------------------------------------------------
Checking for 'gsl'
['/opt/local/bin/pkg-config', '--cflags', '--libs', 'gsl']
err: Package gsl was not found in the pkg-config search path.
Perhaps you should add the directory containing `gsl.pc'
to the PKG_CONFIG_PATH environment variable
No package 'gsl' found

not found
from /Users/Mocca/Desktop/ndnSIM/ndnSIM/ns-3: The configuration failed
------------------------------------------------------------------
Checking for program 'doxygen'
not found
find program=['doxygen'] paths=['/opt/local/bin', '/opt/local/sbin', '/opt/local/bin', '/opt/local/sbin', '/usr/local/bin', '/usr/bin', '/bin', '/usr/sbin', '/sbin', '/opt/X11/bin'] var='DOXYGEN' -> None
from /Users/Mocca/Desktop/ndnSIM/ndnSIM/ns-3: Could not find the program ['doxygen']
